21-May-2021 21:03:15.368 INFO [main] org.apache.catalina.startup.VersionLoggerListener.log Server version name:   Apache Tomcat/8.5.65
21-May-2021 21:03:15.371 INFO [main] org.apache.catalina.startup.VersionLoggerListener.log Server built:          Mar 30 2021 12:28:40 UTC
21-May-2021 21:03:15.371 INFO [main] org.apache.catalina.startup.VersionLoggerListener.log Server version number: 8.5.65.0
21-May-2021 21:03:15.372 INFO [main] org.apache.catalina.startup.VersionLoggerListener.log OS Name:               Mac OS X
21-May-2021 21:03:15.372 INFO [main] org.apache.catalina.startup.VersionLoggerListener.log OS Version:            10.15.7
21-May-2021 21:03:15.372 INFO [main] org.apache.catalina.startup.VersionLoggerListener.log Architecture:          x86_64
21-May-2021 21:03:15.372 INFO [main] org.apache.catalina.startup.VersionLoggerListener.log Java Home:             /Library/Java/JavaVirtualMachines/jdk-16.jdk/Contents/Home
21-May-2021 21:03:15.372 INFO [main] org.apache.catalina.startup.VersionLoggerListener.log JVM Version:           16+36-2231
21-May-2021 21:03:15.373 INFO [main] org.apache.catalina.startup.VersionLoggerListener.log JVM Vendor:            Oracle Corporation
21-May-2021 21:03:15.373 INFO [main] org.apache.catalina.startup.VersionLoggerListener.log CATALINA_BASE:         /Users/srikanthgirimaiahgari/Desktop/Medicalstore/apache-tomcat-8.5.65
21-May-2021 21:03:15.373 INFO [main] org.apache.catalina.startup.VersionLoggerListener.log CATALINA_HOME:         /Users/srikanthgirimaiahgari/Desktop/Medicalstore/apache-tomcat-8.5.65
21-May-2021 21:03:15.375 INFO [main] org.apache.catalina.startup.VersionLoggerListener.log Command line argument: --add-opens=java.base/java.lang=ALL-UNNAMED
21-May-2021 21:03:15.375 INFO [main] org.apache.catalina.startup.VersionLoggerListener.log Command line argument: --add-opens=java.base/java.io=ALL-UNNAMED
21-May-2021 21:03:15.375 INFO [main] org.apache.catalina.startup.VersionLoggerListener.log Command line argument: --add-opens=java.base/java.util=ALL-UNNAMED
21-May-2021 21:03:15.375 INFO [main] org.apache.catalina.startup.VersionLoggerListener.log Command line argument: --add-opens=java.base/java.util.concurrent=ALL-UNNAMED
21-May-2021 21:03:15.376 INFO [main] org.apache.catalina.startup.VersionLoggerListener.log Command line argument: --add-opens=java.rmi/sun.rmi.transport=ALL-UNNAMED
21-May-2021 21:03:15.376 INFO [main] org.apache.catalina.startup.VersionLoggerListener.log Command line argument: -Djava.util.logging.config.file=/Users/srikanthgirimaiahgari/Desktop/Medicalstore/apache-tomcat-8.5.65/conf/logging.properties
21-May-2021 21:03:15.376 INFO [main] org.apache.catalina.startup.VersionLoggerListener.log Command line argument: -Djava.util.logging.manager=org.apache.juli.ClassLoaderLogManager
21-May-2021 21:03:15.376 INFO [main] org.apache.catalina.startup.VersionLoggerListener.log Command line argument: -Djdk.tls.ephemeralDHKeySize=2048
21-May-2021 21:03:15.376 INFO [main] org.apache.catalina.startup.VersionLoggerListener.log Command line argument: -Djava.protocol.handler.pkgs=org.apache.catalina.webresources
21-May-2021 21:03:15.376 INFO [main] org.apache.catalina.startup.VersionLoggerListener.log Command line argument: -Dorg.apache.catalina.security.SecurityListener.UMASK=0027
21-May-2021 21:03:15.377 INFO [main] org.apache.catalina.startup.VersionLoggerListener.log Command line argument: -Dignore.endorsed.dirs=
21-May-2021 21:03:15.377 INFO [main] org.apache.catalina.startup.VersionLoggerListener.log Command line argument: -Dcatalina.base=/Users/srikanthgirimaiahgari/Desktop/Medicalstore/apache-tomcat-8.5.65
21-May-2021 21:03:15.377 INFO [main] org.apache.catalina.startup.VersionLoggerListener.log Command line argument: -Dcatalina.home=/Users/srikanthgirimaiahgari/Desktop/Medicalstore/apache-tomcat-8.5.65
21-May-2021 21:03:15.377 INFO [main] org.apache.catalina.startup.VersionLoggerListener.log Command line argument: -Djava.io.tmpdir=/Users/srikanthgirimaiahgari/Desktop/Medicalstore/apache-tomcat-8.5.65/temp
21-May-2021 21:03:15.377 INFO [main] org.apache.catalina.core.AprLifecycleListener.lifecycleEvent The Apache Tomcat Native library which allows using OpenSSL was not found on the java.library.path: [/Users/srikanthgirimaiahgari/Library/Java/Extensions:/Library/Java/Extensions:/Network/Library/Java/Extensions:/System/Library/Java/Extensions:/usr/lib/java:.]
21-May-2021 21:03:15.424 INFO [main] org.apache.coyote.AbstractProtocol.init Initializing ProtocolHandler ["http-nio-5050"]
21-May-2021 21:03:15.470 INFO [main] org.apache.tomcat.util.net.NioSelectorPool.getSharedSelector Using a shared selector for servlet write/read
21-May-2021 21:03:15.485 INFO [main] org.apache.catalina.startup.Catalina.load Initialization processed in 677 ms
21-May-2021 21:03:15.530 INFO [main] org.apache.catalina.core.StandardService.startInternal Starting service [Catalina]
21-May-2021 21:03:15.530 INFO [main] org.apache.catalina.core.StandardEngine.startInternal Starting Servlet engine: [Apache Tomcat/8.5.65]
21-May-2021 21:03:15.557 INFO [localhost-startStop-1] org.apache.catalina.startup.HostConfig.deployWAR Deploying web application archive [/Users/srikanthgirimaiahgari/Desktop/Medicalstore/apache-tomcat-8.5.65/webapps/TheVaccineStore-0.0.1-20210319.075326-22.war]
21-May-2021 21:03:16.259 INFO [localhost-startStop-1] org.apache.catalina.startup.HostConfig.deployWAR Deployment of web application archive [/Users/srikanthgirimaiahgari/Desktop/Medicalstore/apache-tomcat-8.5.65/webapps/TheVaccineStore-0.0.1-20210319.075326-22.war] has finished in [701] ms
21-May-2021 21:03:16.263 INFO [localhost-startStop-1] org.apache.catalina.startup.HostConfig.deployWAR Deploying web application archive [/Users/srikanthgirimaiahgari/Desktop/Medicalstore/apache-tomcat-8.5.65/webapps/springboot.war]
21-May-2021 21:03:18.017 INFO [localhost-startStop-1] org.apache.jasper.servlet.TldScanner.scanJars At least one JAR was scanned for TLDs yet contained no TLDs. Enable debug logging for this logger for a complete list of JARs that were scanned but no TLDs were found in them. Skipping unneeded JARs during scanning can improve startup time and JSP compilation time.
21-May-2021 21:03:18.029 INFO [localhost-startStop-1] org.apache.catalina.startup.HostConfig.deployWAR Deployment of web application archive [/Users/srikanthgirimaiahgari/Desktop/Medicalstore/apache-tomcat-8.5.65/webapps/springboot.war] has finished in [1,766] ms
21-May-2021 21:03:18.031 INFO [localhost-startStop-1] org.apache.catalina.startup.HostConfig.deployDirectory Deploying web application directory [/Users/srikanthgirimaiahgari/Desktop/Medicalstore/apache-tomcat-8.5.65/webapps/docs]
21-May-2021 21:03:18.058 INFO [localhost-startStop-1] org.apache.catalina.startup.HostConfig.deployDirectory Deployment of web application directory [/Users/srikanthgirimaiahgari/Desktop/Medicalstore/apache-tomcat-8.5.65/webapps/docs] has finished in [28] ms
21-May-2021 21:03:18.058 INFO [localhost-startStop-1] org.apache.catalina.startup.HostConfig.deployDirectory Deploying web application directory [/Users/srikanthgirimaiahgari/Desktop/Medicalstore/apache-tomcat-8.5.65/webapps/manager]
21-May-2021 21:03:18.142 INFO [localhost-startStop-1] org.apache.catalina.startup.HostConfig.deployDirectory Deployment of web application directory [/Users/srikanthgirimaiahgari/Desktop/Medicalstore/apache-tomcat-8.5.65/webapps/manager] has finished in [84] ms
21-May-2021 21:03:18.143 INFO [localhost-startStop-1] org.apache.catalina.startup.HostConfig.deployDirectory Deploying web application directory [/Users/srikanthgirimaiahgari/Desktop/Medicalstore/apache-tomcat-8.5.65/webapps/examples]
21-May-2021 21:03:18.569 INFO [localhost-startStop-1] org.apache.catalina.startup.HostConfig.deployDirectory Deployment of web application directory [/Users/srikanthgirimaiahgari/Desktop/Medicalstore/apache-tomcat-8.5.65/webapps/examples] has finished in [425] ms
21-May-2021 21:03:18.569 INFO [localhost-startStop-1] org.apache.catalina.startup.HostConfig.deployDirectory Deploying web application directory [/Users/srikanthgirimaiahgari/Desktop/Medicalstore/apache-tomcat-8.5.65/webapps/ROOT]
21-May-2021 21:03:18.608 INFO [localhost-startStop-1] org.apache.catalina.startup.HostConfig.deployDirectory Deployment of web application directory [/Users/srikanthgirimaiahgari/Desktop/Medicalstore/apache-tomcat-8.5.65/webapps/ROOT] has finished in [39] ms
21-May-2021 21:03:18.608 INFO [localhost-startStop-1] org.apache.catalina.startup.HostConfig.deployDirectory Deploying web application directory [/Users/srikanthgirimaiahgari/Desktop/Medicalstore/apache-tomcat-8.5.65/webapps/host-manager]
21-May-2021 21:03:18.633 INFO [localhost-startStop-1] org.apache.catalina.startup.HostConfig.deployDirectory Deployment of web application directory [/Users/srikanthgirimaiahgari/Desktop/Medicalstore/apache-tomcat-8.5.65/webapps/host-manager] has finished in [25] ms
21-May-2021 21:03:18.635 INFO [main] org.apache.coyote.AbstractProtocol.start Starting ProtocolHandler ["http-nio-5050"]
21-May-2021 21:03:18.643 INFO [main] org.apache.catalina.startup.Catalina.start Server startup in 3156 ms
