25-May-2021 12:27:09.150 INFO [main] org.apache.catalina.startup.VersionLoggerListener.log Server version name:   Apache Tomcat/8.5.65
25-May-2021 12:27:09.152 INFO [main] org.apache.catalina.startup.VersionLoggerListener.log Server built:          Mar 30 2021 12:28:40 UTC
25-May-2021 12:27:09.152 INFO [main] org.apache.catalina.startup.VersionLoggerListener.log Server version number: 8.5.65.0
25-May-2021 12:27:09.152 INFO [main] org.apache.catalina.startup.VersionLoggerListener.log OS Name:               Mac OS X
25-May-2021 12:27:09.152 INFO [main] org.apache.catalina.startup.VersionLoggerListener.log OS Version:            10.15.7
25-May-2021 12:27:09.153 INFO [main] org.apache.catalina.startup.VersionLoggerListener.log Architecture:          x86_64
25-May-2021 12:27:09.153 INFO [main] org.apache.catalina.startup.VersionLoggerListener.log Java Home:             /Library/Java/JavaVirtualMachines/jdk-16.jdk/Contents/Home
25-May-2021 12:27:09.153 INFO [main] org.apache.catalina.startup.VersionLoggerListener.log JVM Version:           16+36-2231
25-May-2021 12:27:09.153 INFO [main] org.apache.catalina.startup.VersionLoggerListener.log JVM Vendor:            Oracle Corporation
25-May-2021 12:27:09.153 INFO [main] org.apache.catalina.startup.VersionLoggerListener.log CATALINA_BASE:         /Users/srikanthgirimaiahgari/Desktop/Medicalstore/apache-tomcat-8.5.65
25-May-2021 12:27:09.153 INFO [main] org.apache.catalina.startup.VersionLoggerListener.log CATALINA_HOME:         /Users/srikanthgirimaiahgari/Desktop/Medicalstore/apache-tomcat-8.5.65
25-May-2021 12:27:09.154 INFO [main] org.apache.catalina.startup.VersionLoggerListener.log Command line argument: --add-opens=java.base/java.lang=ALL-UNNAMED
25-May-2021 12:27:09.154 INFO [main] org.apache.catalina.startup.VersionLoggerListener.log Command line argument: --add-opens=java.base/java.io=ALL-UNNAMED
25-May-2021 12:27:09.154 INFO [main] org.apache.catalina.startup.VersionLoggerListener.log Command line argument: --add-opens=java.base/java.util=ALL-UNNAMED
25-May-2021 12:27:09.154 INFO [main] org.apache.catalina.startup.VersionLoggerListener.log Command line argument: --add-opens=java.base/java.util.concurrent=ALL-UNNAMED
25-May-2021 12:27:09.154 INFO [main] org.apache.catalina.startup.VersionLoggerListener.log Command line argument: --add-opens=java.rmi/sun.rmi.transport=ALL-UNNAMED
25-May-2021 12:27:09.154 INFO [main] org.apache.catalina.startup.VersionLoggerListener.log Command line argument: -Djava.util.logging.config.file=/Users/srikanthgirimaiahgari/Desktop/Medicalstore/apache-tomcat-8.5.65/conf/logging.properties
25-May-2021 12:27:09.154 INFO [main] org.apache.catalina.startup.VersionLoggerListener.log Command line argument: -Djava.util.logging.manager=org.apache.juli.ClassLoaderLogManager
25-May-2021 12:27:09.155 INFO [main] org.apache.catalina.startup.VersionLoggerListener.log Command line argument: -Djdk.tls.ephemeralDHKeySize=2048
25-May-2021 12:27:09.155 INFO [main] org.apache.catalina.startup.VersionLoggerListener.log Command line argument: -Djava.protocol.handler.pkgs=org.apache.catalina.webresources
25-May-2021 12:27:09.155 INFO [main] org.apache.catalina.startup.VersionLoggerListener.log Command line argument: -Dorg.apache.catalina.security.SecurityListener.UMASK=0027
25-May-2021 12:27:09.155 INFO [main] org.apache.catalina.startup.VersionLoggerListener.log Command line argument: -Dignore.endorsed.dirs=
25-May-2021 12:27:09.155 INFO [main] org.apache.catalina.startup.VersionLoggerListener.log Command line argument: -Dcatalina.base=/Users/srikanthgirimaiahgari/Desktop/Medicalstore/apache-tomcat-8.5.65
25-May-2021 12:27:09.155 INFO [main] org.apache.catalina.startup.VersionLoggerListener.log Command line argument: -Dcatalina.home=/Users/srikanthgirimaiahgari/Desktop/Medicalstore/apache-tomcat-8.5.65
25-May-2021 12:27:09.155 INFO [main] org.apache.catalina.startup.VersionLoggerListener.log Command line argument: -Djava.io.tmpdir=/Users/srikanthgirimaiahgari/Desktop/Medicalstore/apache-tomcat-8.5.65/temp
25-May-2021 12:27:09.155 INFO [main] org.apache.catalina.core.AprLifecycleListener.lifecycleEvent The Apache Tomcat Native library which allows using OpenSSL was not found on the java.library.path: [/Users/srikanthgirimaiahgari/Library/Java/Extensions:/Library/Java/Extensions:/Network/Library/Java/Extensions:/System/Library/Java/Extensions:/usr/lib/java:.]
25-May-2021 12:27:09.184 INFO [main] org.apache.coyote.AbstractProtocol.init Initializing ProtocolHandler ["http-nio-5050"]
25-May-2021 12:27:09.222 INFO [main] org.apache.tomcat.util.net.NioSelectorPool.getSharedSelector Using a shared selector for servlet write/read
25-May-2021 12:27:09.232 INFO [main] org.apache.catalina.startup.Catalina.load Initialization processed in 463 ms
25-May-2021 12:27:09.263 INFO [main] org.apache.catalina.core.StandardService.startInternal Starting service [Catalina]
25-May-2021 12:27:09.263 INFO [main] org.apache.catalina.core.StandardEngine.startInternal Starting Servlet engine: [Apache Tomcat/8.5.65]
25-May-2021 12:27:09.277 INFO [localhost-startStop-1] org.apache.catalina.startup.HostConfig.deployWAR Deploying web application archive [/Users/srikanthgirimaiahgari/Desktop/Medicalstore/apache-tomcat-8.5.65/webapps/TheVaccineStore-0.0.1-20210319.075326-22.war]
25-May-2021 12:27:09.703 INFO [localhost-startStop-1] org.apache.catalina.startup.HostConfig.deployWAR Deployment of web application archive [/Users/srikanthgirimaiahgari/Desktop/Medicalstore/apache-tomcat-8.5.65/webapps/TheVaccineStore-0.0.1-20210319.075326-22.war] has finished in [426] ms
25-May-2021 12:27:09.705 INFO [localhost-startStop-1] org.apache.catalina.startup.HostConfig.deployWAR Deploying web application archive [/Users/srikanthgirimaiahgari/Desktop/Medicalstore/apache-tomcat-8.5.65/webapps/springboot.war]
25-May-2021 12:27:11.327 INFO [localhost-startStop-1] org.apache.jasper.servlet.TldScanner.scanJars At least one JAR was scanned for TLDs yet contained no TLDs. Enable debug logging for this logger for a complete list of JARs that were scanned but no TLDs were found in them. Skipping unneeded JARs during scanning can improve startup time and JSP compilation time.
25-May-2021 12:27:11.332 INFO [localhost-startStop-1] org.apache.catalina.startup.HostConfig.deployWAR Deployment of web application archive [/Users/srikanthgirimaiahgari/Desktop/Medicalstore/apache-tomcat-8.5.65/webapps/springboot.war] has finished in [1,627] ms
25-May-2021 12:27:11.334 INFO [localhost-startStop-1] org.apache.catalina.startup.HostConfig.deployWAR Deploying web application archive [/Users/srikanthgirimaiahgari/Desktop/Medicalstore/apache-tomcat-8.5.65/webapps/MedicalStore.war]
25-May-2021 12:27:12.256 INFO [localhost-startStop-1] org.apache.jasper.servlet.TldScanner.scanJars At least one JAR was scanned for TLDs yet contained no TLDs. Enable debug logging for this logger for a complete list of JARs that were scanned but no TLDs were found in them. Skipping unneeded JARs during scanning can improve startup time and JSP compilation time.
25-May-2021 12:27:12.272 INFO [localhost-startStop-1] org.apache.catalina.startup.HostConfig.deployWAR Deployment of web application archive [/Users/srikanthgirimaiahgari/Desktop/Medicalstore/apache-tomcat-8.5.65/webapps/MedicalStore.war] has finished in [938] ms
25-May-2021 12:27:12.274 INFO [localhost-startStop-1] org.apache.catalina.startup.HostConfig.deployDirectory Deploying web application directory [/Users/srikanthgirimaiahgari/Desktop/Medicalstore/apache-tomcat-8.5.65/webapps/docs]
25-May-2021 12:27:12.289 INFO [localhost-startStop-1] org.apache.catalina.startup.HostConfig.deployDirectory Deployment of web application directory [/Users/srikanthgirimaiahgari/Desktop/Medicalstore/apache-tomcat-8.5.65/webapps/docs] has finished in [15] ms
25-May-2021 12:27:12.290 INFO [localhost-startStop-1] org.apache.catalina.startup.HostConfig.deployDirectory Deploying web application directory [/Users/srikanthgirimaiahgari/Desktop/Medicalstore/apache-tomcat-8.5.65/webapps/manager]
25-May-2021 12:27:12.335 INFO [localhost-startStop-1] org.apache.catalina.startup.HostConfig.deployDirectory Deployment of web application directory [/Users/srikanthgirimaiahgari/Desktop/Medicalstore/apache-tomcat-8.5.65/webapps/manager] has finished in [45] ms
25-May-2021 12:27:12.335 INFO [localhost-startStop-1] org.apache.catalina.startup.HostConfig.deployDirectory Deploying web application directory [/Users/srikanthgirimaiahgari/Desktop/Medicalstore/apache-tomcat-8.5.65/webapps/examples]
25-May-2021 12:27:12.660 INFO [localhost-startStop-1] org.apache.catalina.startup.HostConfig.deployDirectory Deployment of web application directory [/Users/srikanthgirimaiahgari/Desktop/Medicalstore/apache-tomcat-8.5.65/webapps/examples] has finished in [325] ms
25-May-2021 12:27:12.660 INFO [localhost-startStop-1] org.apache.catalina.startup.HostConfig.deployDirectory Deploying web application directory [/Users/srikanthgirimaiahgari/Desktop/Medicalstore/apache-tomcat-8.5.65/webapps/ROOT]
25-May-2021 12:27:12.673 INFO [localhost-startStop-1] org.apache.catalina.startup.HostConfig.deployDirectory Deployment of web application directory [/Users/srikanthgirimaiahgari/Desktop/Medicalstore/apache-tomcat-8.5.65/webapps/ROOT] has finished in [13] ms
25-May-2021 12:27:12.673 INFO [localhost-startStop-1] org.apache.catalina.startup.HostConfig.deployDirectory Deploying web application directory [/Users/srikanthgirimaiahgari/Desktop/Medicalstore/apache-tomcat-8.5.65/webapps/host-manager]
25-May-2021 12:27:12.689 INFO [localhost-startStop-1] org.apache.catalina.startup.HostConfig.deployDirectory Deployment of web application directory [/Users/srikanthgirimaiahgari/Desktop/Medicalstore/apache-tomcat-8.5.65/webapps/host-manager] has finished in [16] ms
25-May-2021 12:27:12.691 INFO [main] org.apache.coyote.AbstractProtocol.start Starting ProtocolHandler ["http-nio-5050"]
25-May-2021 12:27:12.697 INFO [main] org.apache.catalina.startup.Catalina.start Server startup in 3465 ms
25-May-2021 12:28:32.326 INFO [http-nio-5050-exec-9] org.apache.catalina.startup.HostConfig.undeploy Undeploying context [/MedicalStore]
25-May-2021 12:33:44.600 INFO [http-nio-5050-exec-12] org.apache.catalina.startup.HostConfig.deployWAR Deploying web application archive [/Users/srikanthgirimaiahgari/Desktop/Medicalstore/apache-tomcat-8.5.65/webapps/MedicalStore.war]
25-May-2021 12:33:44.852 INFO [http-nio-5050-exec-12] org.apache.catalina.startup.HostConfig.deployWAR Deployment of web application archive [/Users/srikanthgirimaiahgari/Desktop/Medicalstore/apache-tomcat-8.5.65/webapps/MedicalStore.war] has finished in [252] ms
25-May-2021 12:33:45.487 INFO [http-nio-5050-exec-15] org.apache.catalina.startup.HostConfig.undeploy Undeploying context [/MedicalStore]
25-May-2021 12:33:45.507 INFO [http-nio-5050-exec-14] org.apache.catalina.startup.HostConfig.deployWAR Deploying web application archive [/Users/srikanthgirimaiahgari/Desktop/Medicalstore/apache-tomcat-8.5.65/webapps/MedicalStore.war]
25-May-2021 12:33:45.726 INFO [http-nio-5050-exec-14] org.apache.catalina.startup.HostConfig.deployWAR Deployment of web application archive [/Users/srikanthgirimaiahgari/Desktop/Medicalstore/apache-tomcat-8.5.65/webapps/MedicalStore.war] has finished in [219] ms
25-May-2021 12:33:46.347 INFO [http-nio-5050-exec-16] org.apache.catalina.startup.HostConfig.undeploy Undeploying context [/MedicalStore]
25-May-2021 12:33:46.352 INFO [http-nio-5050-exec-17] org.apache.catalina.startup.HostConfig.deployWAR Deploying web application archive [/Users/srikanthgirimaiahgari/Desktop/Medicalstore/apache-tomcat-8.5.65/webapps/MedicalStore.war]
25-May-2021 12:33:46.390 INFO [http-nio-5050-exec-17] org.apache.catalina.startup.HostConfig.deployWAR Deployment of web application archive [/Users/srikanthgirimaiahgari/Desktop/Medicalstore/apache-tomcat-8.5.65/webapps/MedicalStore.war] has finished in [38] ms
25-May-2021 12:33:47.169 INFO [http-nio-5050-exec-11] org.apache.catalina.startup.HostConfig.undeploy Undeploying context [/MedicalStore]
25-May-2021 12:33:47.409 INFO [http-nio-5050-exec-20] org.apache.catalina.startup.HostConfig.deployWAR Deploying web application archive [/Users/srikanthgirimaiahgari/Desktop/Medicalstore/apache-tomcat-8.5.65/webapps/MedicalStore.war]
25-May-2021 12:33:49.258 INFO [http-nio-5050-exec-20] org.apache.jasper.servlet.TldScanner.scanJars At least one JAR was scanned for TLDs yet contained no TLDs. Enable debug logging for this logger for a complete list of JARs that were scanned but no TLDs were found in them. Skipping unneeded JARs during scanning can improve startup time and JSP compilation time.
25-May-2021 12:33:49.264 INFO [http-nio-5050-exec-20] org.apache.catalina.startup.HostConfig.deployWAR Deployment of web application archive [/Users/srikanthgirimaiahgari/Desktop/Medicalstore/apache-tomcat-8.5.65/webapps/MedicalStore.war] has finished in [1,854] ms
25-May-2021 12:33:50.129 INFO [http-nio-5050-exec-19] org.apache.catalina.startup.HostConfig.undeploy Undeploying context [/MedicalStore]
25-May-2021 12:33:50.266 INFO [http-nio-5050-exec-14] org.apache.catalina.startup.HostConfig.deployWAR Deploying web application archive [/Users/srikanthgirimaiahgari/Desktop/Medicalstore/apache-tomcat-8.5.65/webapps/MedicalStore.war]
25-May-2021 12:33:51.457 INFO [http-nio-5050-exec-14] org.apache.jasper.servlet.TldScanner.scanJars At least one JAR was scanned for TLDs yet contained no TLDs. Enable debug logging for this logger for a complete list of JARs that were scanned but no TLDs were found in them. Skipping unneeded JARs during scanning can improve startup time and JSP compilation time.
25-May-2021 12:33:51.472 INFO [http-nio-5050-exec-14] org.apache.catalina.startup.HostConfig.deployWAR Deployment of web application archive [/Users/srikanthgirimaiahgari/Desktop/Medicalstore/apache-tomcat-8.5.65/webapps/MedicalStore.war] has finished in [1,206] ms
25-May-2021 12:33:52.190 INFO [http-nio-5050-exec-11] org.apache.catalina.startup.HostConfig.undeploy Undeploying context [/MedicalStore]
25-May-2021 12:33:52.213 INFO [http-nio-5050-exec-13] org.apache.catalina.startup.HostConfig.deployWAR Deploying web application archive [/Users/srikanthgirimaiahgari/Desktop/Medicalstore/apache-tomcat-8.5.65/webapps/MedicalStore.war]
25-May-2021 12:33:52.376 INFO [http-nio-5050-exec-13] org.apache.catalina.startup.HostConfig.deployWAR Deployment of web application archive [/Users/srikanthgirimaiahgari/Desktop/Medicalstore/apache-tomcat-8.5.65/webapps/MedicalStore.war] has finished in [163] ms
