24-May-2021 13:30:29.656 INFO [main] org.apache.catalina.startup.VersionLoggerListener.log Server version name:   Apache Tomcat/8.5.65
24-May-2021 13:30:29.659 INFO [main] org.apache.catalina.startup.VersionLoggerListener.log Server built:          Mar 30 2021 12:28:40 UTC
24-May-2021 13:30:29.659 INFO [main] org.apache.catalina.startup.VersionLoggerListener.log Server version number: 8.5.65.0
24-May-2021 13:30:29.659 INFO [main] org.apache.catalina.startup.VersionLoggerListener.log OS Name:               Mac OS X
24-May-2021 13:30:29.659 INFO [main] org.apache.catalina.startup.VersionLoggerListener.log OS Version:            10.15.7
24-May-2021 13:30:29.659 INFO [main] org.apache.catalina.startup.VersionLoggerListener.log Architecture:          x86_64
24-May-2021 13:30:29.659 INFO [main] org.apache.catalina.startup.VersionLoggerListener.log Java Home:             /Library/Java/JavaVirtualMachines/jdk-16.jdk/Contents/Home
24-May-2021 13:30:29.659 INFO [main] org.apache.catalina.startup.VersionLoggerListener.log JVM Version:           16+36-2231
24-May-2021 13:30:29.659 INFO [main] org.apache.catalina.startup.VersionLoggerListener.log JVM Vendor:            Oracle Corporation
24-May-2021 13:30:29.660 INFO [main] org.apache.catalina.startup.VersionLoggerListener.log CATALINA_BASE:         /Users/srikanthgirimaiahgari/Desktop/Medicalstore/apache-tomcat-8.5.65
24-May-2021 13:30:29.660 INFO [main] org.apache.catalina.startup.VersionLoggerListener.log CATALINA_HOME:         /Users/srikanthgirimaiahgari/Desktop/Medicalstore/apache-tomcat-8.5.65
24-May-2021 13:30:29.661 INFO [main] org.apache.catalina.startup.VersionLoggerListener.log Command line argument: --add-opens=java.base/java.lang=ALL-UNNAMED
24-May-2021 13:30:29.661 INFO [main] org.apache.catalina.startup.VersionLoggerListener.log Command line argument: --add-opens=java.base/java.io=ALL-UNNAMED
24-May-2021 13:30:29.661 INFO [main] org.apache.catalina.startup.VersionLoggerListener.log Command line argument: --add-opens=java.base/java.util=ALL-UNNAMED
24-May-2021 13:30:29.662 INFO [main] org.apache.catalina.startup.VersionLoggerListener.log Command line argument: --add-opens=java.base/java.util.concurrent=ALL-UNNAMED
24-May-2021 13:30:29.662 INFO [main] org.apache.catalina.startup.VersionLoggerListener.log Command line argument: --add-opens=java.rmi/sun.rmi.transport=ALL-UNNAMED
24-May-2021 13:30:29.662 INFO [main] org.apache.catalina.startup.VersionLoggerListener.log Command line argument: -Djava.util.logging.config.file=/Users/srikanthgirimaiahgari/Desktop/Medicalstore/apache-tomcat-8.5.65/conf/logging.properties
24-May-2021 13:30:29.662 INFO [main] org.apache.catalina.startup.VersionLoggerListener.log Command line argument: -Djava.util.logging.manager=org.apache.juli.ClassLoaderLogManager
24-May-2021 13:30:29.662 INFO [main] org.apache.catalina.startup.VersionLoggerListener.log Command line argument: -Djdk.tls.ephemeralDHKeySize=2048
24-May-2021 13:30:29.662 INFO [main] org.apache.catalina.startup.VersionLoggerListener.log Command line argument: -Djava.protocol.handler.pkgs=org.apache.catalina.webresources
24-May-2021 13:30:29.662 INFO [main] org.apache.catalina.startup.VersionLoggerListener.log Command line argument: -Dorg.apache.catalina.security.SecurityListener.UMASK=0027
24-May-2021 13:30:29.662 INFO [main] org.apache.catalina.startup.VersionLoggerListener.log Command line argument: -Dignore.endorsed.dirs=
24-May-2021 13:30:29.663 INFO [main] org.apache.catalina.startup.VersionLoggerListener.log Command line argument: -Dcatalina.base=/Users/srikanthgirimaiahgari/Desktop/Medicalstore/apache-tomcat-8.5.65
24-May-2021 13:30:29.663 INFO [main] org.apache.catalina.startup.VersionLoggerListener.log Command line argument: -Dcatalina.home=/Users/srikanthgirimaiahgari/Desktop/Medicalstore/apache-tomcat-8.5.65
24-May-2021 13:30:29.663 INFO [main] org.apache.catalina.startup.VersionLoggerListener.log Command line argument: -Djava.io.tmpdir=/Users/srikanthgirimaiahgari/Desktop/Medicalstore/apache-tomcat-8.5.65/temp
24-May-2021 13:30:29.663 INFO [main] org.apache.catalina.core.AprLifecycleListener.lifecycleEvent The Apache Tomcat Native library which allows using OpenSSL was not found on the java.library.path: [/Users/srikanthgirimaiahgari/Library/Java/Extensions:/Library/Java/Extensions:/Network/Library/Java/Extensions:/System/Library/Java/Extensions:/usr/lib/java:.]
24-May-2021 13:30:29.701 INFO [main] org.apache.coyote.AbstractProtocol.init Initializing ProtocolHandler ["http-nio-5050"]
24-May-2021 13:30:29.740 INFO [main] org.apache.tomcat.util.net.NioSelectorPool.getSharedSelector Using a shared selector for servlet write/read
24-May-2021 13:30:29.751 INFO [main] org.apache.catalina.startup.Catalina.load Initialization processed in 503 ms
24-May-2021 13:30:29.793 INFO [main] org.apache.catalina.core.StandardService.startInternal Starting service [Catalina]
24-May-2021 13:30:29.793 INFO [main] org.apache.catalina.core.StandardEngine.startInternal Starting Servlet engine: [Apache Tomcat/8.5.65]
24-May-2021 13:30:29.810 INFO [localhost-startStop-1] org.apache.catalina.startup.HostConfig.deployWAR Deploying web application archive [/Users/srikanthgirimaiahgari/Desktop/Medicalstore/apache-tomcat-8.5.65/webapps/TheVaccineStore-0.0.1-20210319.075326-22.war]
24-May-2021 13:30:30.157 INFO [localhost-startStop-1] org.apache.catalina.startup.HostConfig.deployWAR Deployment of web application archive [/Users/srikanthgirimaiahgari/Desktop/Medicalstore/apache-tomcat-8.5.65/webapps/TheVaccineStore-0.0.1-20210319.075326-22.war] has finished in [346] ms
24-May-2021 13:30:30.159 INFO [localhost-startStop-1] org.apache.catalina.startup.HostConfig.deployWAR Deploying web application archive [/Users/srikanthgirimaiahgari/Desktop/Medicalstore/apache-tomcat-8.5.65/webapps/springboot.war]
24-May-2021 13:30:31.440 INFO [localhost-startStop-1] org.apache.jasper.servlet.TldScanner.scanJars At least one JAR was scanned for TLDs yet contained no TLDs. Enable debug logging for this logger for a complete list of JARs that were scanned but no TLDs were found in them. Skipping unneeded JARs during scanning can improve startup time and JSP compilation time.
24-May-2021 13:30:31.445 INFO [localhost-startStop-1] org.apache.catalina.startup.HostConfig.deployWAR Deployment of web application archive [/Users/srikanthgirimaiahgari/Desktop/Medicalstore/apache-tomcat-8.5.65/webapps/springboot.war] has finished in [1,286] ms
24-May-2021 13:30:31.447 INFO [localhost-startStop-1] org.apache.catalina.startup.HostConfig.deployWAR Deploying web application archive [/Users/srikanthgirimaiahgari/Desktop/Medicalstore/apache-tomcat-8.5.65/webapps/MedicalStore.war]
24-May-2021 13:30:32.311 INFO [localhost-startStop-1] org.apache.jasper.servlet.TldScanner.scanJars At least one JAR was scanned for TLDs yet contained no TLDs. Enable debug logging for this logger for a complete list of JARs that were scanned but no TLDs were found in them. Skipping unneeded JARs during scanning can improve startup time and JSP compilation time.
24-May-2021 13:30:32.349 INFO [localhost-startStop-1] org.apache.catalina.startup.HostConfig.deployWAR Deployment of web application archive [/Users/srikanthgirimaiahgari/Desktop/Medicalstore/apache-tomcat-8.5.65/webapps/MedicalStore.war] has finished in [902] ms
24-May-2021 13:30:32.350 INFO [localhost-startStop-1] org.apache.catalina.startup.HostConfig.deployDirectory Deploying web application directory [/Users/srikanthgirimaiahgari/Desktop/Medicalstore/apache-tomcat-8.5.65/webapps/docs]
24-May-2021 13:30:32.366 INFO [localhost-startStop-1] org.apache.catalina.startup.HostConfig.deployDirectory Deployment of web application directory [/Users/srikanthgirimaiahgari/Desktop/Medicalstore/apache-tomcat-8.5.65/webapps/docs] has finished in [15] ms
24-May-2021 13:30:32.366 INFO [localhost-startStop-1] org.apache.catalina.startup.HostConfig.deployDirectory Deploying web application directory [/Users/srikanthgirimaiahgari/Desktop/Medicalstore/apache-tomcat-8.5.65/webapps/manager]
24-May-2021 13:30:32.423 INFO [localhost-startStop-1] org.apache.catalina.startup.HostConfig.deployDirectory Deployment of web application directory [/Users/srikanthgirimaiahgari/Desktop/Medicalstore/apache-tomcat-8.5.65/webapps/manager] has finished in [57] ms
24-May-2021 13:30:32.423 INFO [localhost-startStop-1] org.apache.catalina.startup.HostConfig.deployDirectory Deploying web application directory [/Users/srikanthgirimaiahgari/Desktop/Medicalstore/apache-tomcat-8.5.65/webapps/examples]
24-May-2021 13:30:33.016 INFO [localhost-startStop-1] org.apache.catalina.startup.HostConfig.deployDirectory Deployment of web application directory [/Users/srikanthgirimaiahgari/Desktop/Medicalstore/apache-tomcat-8.5.65/webapps/examples] has finished in [593] ms
24-May-2021 13:30:33.017 INFO [localhost-startStop-1] org.apache.catalina.startup.HostConfig.deployDirectory Deploying web application directory [/Users/srikanthgirimaiahgari/Desktop/Medicalstore/apache-tomcat-8.5.65/webapps/ROOT]
24-May-2021 13:30:33.049 INFO [localhost-startStop-1] org.apache.catalina.startup.HostConfig.deployDirectory Deployment of web application directory [/Users/srikanthgirimaiahgari/Desktop/Medicalstore/apache-tomcat-8.5.65/webapps/ROOT] has finished in [32] ms
24-May-2021 13:30:33.050 INFO [localhost-startStop-1] org.apache.catalina.startup.HostConfig.deployDirectory Deploying web application directory [/Users/srikanthgirimaiahgari/Desktop/Medicalstore/apache-tomcat-8.5.65/webapps/host-manager]
24-May-2021 13:30:33.070 INFO [localhost-startStop-1] org.apache.catalina.startup.HostConfig.deployDirectory Deployment of web application directory [/Users/srikanthgirimaiahgari/Desktop/Medicalstore/apache-tomcat-8.5.65/webapps/host-manager] has finished in [19] ms
24-May-2021 13:30:33.072 INFO [main] org.apache.coyote.AbstractProtocol.start Starting ProtocolHandler ["http-nio-5050"]
24-May-2021 13:30:33.079 INFO [main] org.apache.catalina.startup.Catalina.start Server startup in 3327 ms
24-May-2021 13:30:56.641 INFO [http-nio-5050-exec-5] org.apache.catalina.startup.HostConfig.undeploy Undeploying context [/MedicalStore]
24-May-2021 13:31:16.867 INFO [http-nio-5050-exec-4] org.apache.catalina.startup.HostConfig.deployWAR Deploying web application archive [/Users/srikanthgirimaiahgari/Desktop/Medicalstore/apache-tomcat-8.5.65/webapps/MedicalStore.war]
24-May-2021 13:31:17.818 INFO [http-nio-5050-exec-4] org.apache.jasper.servlet.TldScanner.scanJars At least one JAR was scanned for TLDs yet contained no TLDs. Enable debug logging for this logger for a complete list of JARs that were scanned but no TLDs were found in them. Skipping unneeded JARs during scanning can improve startup time and JSP compilation time.
24-May-2021 13:31:17.825 INFO [http-nio-5050-exec-4] org.apache.catalina.startup.HostConfig.deployWAR Deployment of web application archive [/Users/srikanthgirimaiahgari/Desktop/Medicalstore/apache-tomcat-8.5.65/webapps/MedicalStore.war] has finished in [958] ms
24-May-2021 13:36:19.606 INFO [http-nio-5050-exec-13] org.apache.catalina.startup.HostConfig.undeploy Undeploying context [/MedicalStore]
24-May-2021 13:36:28.743 INFO [http-nio-5050-exec-11] org.apache.catalina.startup.HostConfig.deployWAR Deploying web application archive [/Users/srikanthgirimaiahgari/Desktop/Medicalstore/apache-tomcat-8.5.65/webapps/MedicalStore.war]
24-May-2021 13:36:29.595 INFO [http-nio-5050-exec-11] org.apache.jasper.servlet.TldScanner.scanJars At least one JAR was scanned for TLDs yet contained no TLDs. Enable debug logging for this logger for a complete list of JARs that were scanned but no TLDs were found in them. Skipping unneeded JARs during scanning can improve startup time and JSP compilation time.
24-May-2021 13:36:29.602 INFO [http-nio-5050-exec-11] org.apache.catalina.startup.HostConfig.deployWAR Deployment of web application archive [/Users/srikanthgirimaiahgari/Desktop/Medicalstore/apache-tomcat-8.5.65/webapps/MedicalStore.war] has finished in [859] ms
