26-May-2021 12:21:55.404 INFO [main] org.apache.catalina.startup.VersionLoggerListener.log Server version name:   Apache Tomcat/8.5.65
26-May-2021 12:21:55.406 INFO [main] org.apache.catalina.startup.VersionLoggerListener.log Server built:          Mar 30 2021 12:28:40 UTC
26-May-2021 12:21:55.406 INFO [main] org.apache.catalina.startup.VersionLoggerListener.log Server version number: 8.5.65.0
26-May-2021 12:21:55.406 INFO [main] org.apache.catalina.startup.VersionLoggerListener.log OS Name:               Mac OS X
26-May-2021 12:21:55.406 INFO [main] org.apache.catalina.startup.VersionLoggerListener.log OS Version:            10.15.7
26-May-2021 12:21:55.406 INFO [main] org.apache.catalina.startup.VersionLoggerListener.log Architecture:          x86_64
26-May-2021 12:21:55.407 INFO [main] org.apache.catalina.startup.VersionLoggerListener.log Java Home:             /Library/Java/JavaVirtualMachines/jdk-16.jdk/Contents/Home
26-May-2021 12:21:55.407 INFO [main] org.apache.catalina.startup.VersionLoggerListener.log JVM Version:           16+36-2231
26-May-2021 12:21:55.407 INFO [main] org.apache.catalina.startup.VersionLoggerListener.log JVM Vendor:            Oracle Corporation
26-May-2021 12:21:55.407 INFO [main] org.apache.catalina.startup.VersionLoggerListener.log CATALINA_BASE:         /Users/srikanthgirimaiahgari/Desktop/Medicalstore/apache-tomcat-8.5.65
26-May-2021 12:21:55.407 INFO [main] org.apache.catalina.startup.VersionLoggerListener.log CATALINA_HOME:         /Users/srikanthgirimaiahgari/Desktop/Medicalstore/apache-tomcat-8.5.65
26-May-2021 12:21:55.408 INFO [main] org.apache.catalina.startup.VersionLoggerListener.log Command line argument: --add-opens=java.base/java.lang=ALL-UNNAMED
26-May-2021 12:21:55.408 INFO [main] org.apache.catalina.startup.VersionLoggerListener.log Command line argument: --add-opens=java.base/java.io=ALL-UNNAMED
26-May-2021 12:21:55.408 INFO [main] org.apache.catalina.startup.VersionLoggerListener.log Command line argument: --add-opens=java.base/java.util=ALL-UNNAMED
26-May-2021 12:21:55.409 INFO [main] org.apache.catalina.startup.VersionLoggerListener.log Command line argument: --add-opens=java.base/java.util.concurrent=ALL-UNNAMED
26-May-2021 12:21:55.409 INFO [main] org.apache.catalina.startup.VersionLoggerListener.log Command line argument: --add-opens=java.rmi/sun.rmi.transport=ALL-UNNAMED
26-May-2021 12:21:55.409 INFO [main] org.apache.catalina.startup.VersionLoggerListener.log Command line argument: -Djava.util.logging.config.file=/Users/srikanthgirimaiahgari/Desktop/Medicalstore/apache-tomcat-8.5.65/conf/logging.properties
26-May-2021 12:21:55.409 INFO [main] org.apache.catalina.startup.VersionLoggerListener.log Command line argument: -Djava.util.logging.manager=org.apache.juli.ClassLoaderLogManager
26-May-2021 12:21:55.409 INFO [main] org.apache.catalina.startup.VersionLoggerListener.log Command line argument: -Djdk.tls.ephemeralDHKeySize=2048
26-May-2021 12:21:55.409 INFO [main] org.apache.catalina.startup.VersionLoggerListener.log Command line argument: -Djava.protocol.handler.pkgs=org.apache.catalina.webresources
26-May-2021 12:21:55.409 INFO [main] org.apache.catalina.startup.VersionLoggerListener.log Command line argument: -Dorg.apache.catalina.security.SecurityListener.UMASK=0027
26-May-2021 12:21:55.409 INFO [main] org.apache.catalina.startup.VersionLoggerListener.log Command line argument: -Dignore.endorsed.dirs=
26-May-2021 12:21:55.409 INFO [main] org.apache.catalina.startup.VersionLoggerListener.log Command line argument: -Dcatalina.base=/Users/srikanthgirimaiahgari/Desktop/Medicalstore/apache-tomcat-8.5.65
26-May-2021 12:21:55.409 INFO [main] org.apache.catalina.startup.VersionLoggerListener.log Command line argument: -Dcatalina.home=/Users/srikanthgirimaiahgari/Desktop/Medicalstore/apache-tomcat-8.5.65
26-May-2021 12:21:55.409 INFO [main] org.apache.catalina.startup.VersionLoggerListener.log Command line argument: -Djava.io.tmpdir=/Users/srikanthgirimaiahgari/Desktop/Medicalstore/apache-tomcat-8.5.65/temp
26-May-2021 12:21:55.409 INFO [main] org.apache.catalina.core.AprLifecycleListener.lifecycleEvent The Apache Tomcat Native library which allows using OpenSSL was not found on the java.library.path: [/Users/srikanthgirimaiahgari/Library/Java/Extensions:/Library/Java/Extensions:/Network/Library/Java/Extensions:/System/Library/Java/Extensions:/usr/lib/java:.]
26-May-2021 12:21:55.445 INFO [main] org.apache.coyote.AbstractProtocol.init Initializing ProtocolHandler ["http-nio-5050"]
26-May-2021 12:21:55.478 INFO [main] org.apache.tomcat.util.net.NioSelectorPool.getSharedSelector Using a shared selector for servlet write/read
26-May-2021 12:21:55.486 INFO [main] org.apache.catalina.startup.Catalina.load Initialization processed in 565 ms
26-May-2021 12:21:55.518 INFO [main] org.apache.catalina.core.StandardService.startInternal Starting service [Catalina]
26-May-2021 12:21:55.518 INFO [main] org.apache.catalina.core.StandardEngine.startInternal Starting Servlet engine: [Apache Tomcat/8.5.65]
26-May-2021 12:21:55.531 INFO [localhost-startStop-1] org.apache.catalina.startup.HostConfig.deployWAR Deploying web application archive [/Users/srikanthgirimaiahgari/Desktop/Medicalstore/apache-tomcat-8.5.65/webapps/TheVaccineStore-0.0.1-20210319.075326-22.war]
26-May-2021 12:21:55.865 INFO [localhost-startStop-1] org.apache.catalina.startup.HostConfig.deployWAR Deployment of web application archive [/Users/srikanthgirimaiahgari/Desktop/Medicalstore/apache-tomcat-8.5.65/webapps/TheVaccineStore-0.0.1-20210319.075326-22.war] has finished in [334] ms
26-May-2021 12:21:55.867 INFO [localhost-startStop-1] org.apache.catalina.startup.HostConfig.deployWAR Deploying web application archive [/Users/srikanthgirimaiahgari/Desktop/Medicalstore/apache-tomcat-8.5.65/webapps/springboot.war]
26-May-2021 12:21:57.026 INFO [localhost-startStop-1] org.apache.jasper.servlet.TldScanner.scanJars At least one JAR was scanned for TLDs yet contained no TLDs. Enable debug logging for this logger for a complete list of JARs that were scanned but no TLDs were found in them. Skipping unneeded JARs during scanning can improve startup time and JSP compilation time.
26-May-2021 12:21:57.030 INFO [localhost-startStop-1] org.apache.catalina.startup.HostConfig.deployWAR Deployment of web application archive [/Users/srikanthgirimaiahgari/Desktop/Medicalstore/apache-tomcat-8.5.65/webapps/springboot.war] has finished in [1,163] ms
26-May-2021 12:21:57.032 INFO [localhost-startStop-1] org.apache.catalina.startup.HostConfig.deployWAR Deploying web application archive [/Users/srikanthgirimaiahgari/Desktop/Medicalstore/apache-tomcat-8.5.65/webapps/MedicalStore.war]
26-May-2021 12:21:57.839 INFO [localhost-startStop-1] org.apache.jasper.servlet.TldScanner.scanJars At least one JAR was scanned for TLDs yet contained no TLDs. Enable debug logging for this logger for a complete list of JARs that were scanned but no TLDs were found in them. Skipping unneeded JARs during scanning can improve startup time and JSP compilation time.
26-May-2021 12:21:57.868 INFO [localhost-startStop-1] org.apache.catalina.startup.HostConfig.deployWAR Deployment of web application archive [/Users/srikanthgirimaiahgari/Desktop/Medicalstore/apache-tomcat-8.5.65/webapps/MedicalStore.war] has finished in [836] ms
26-May-2021 12:21:57.869 INFO [localhost-startStop-1] org.apache.catalina.startup.HostConfig.deployDirectory Deploying web application directory [/Users/srikanthgirimaiahgari/Desktop/Medicalstore/apache-tomcat-8.5.65/webapps/docs]
26-May-2021 12:21:57.880 INFO [localhost-startStop-1] org.apache.catalina.startup.HostConfig.deployDirectory Deployment of web application directory [/Users/srikanthgirimaiahgari/Desktop/Medicalstore/apache-tomcat-8.5.65/webapps/docs] has finished in [11] ms
26-May-2021 12:21:57.880 INFO [localhost-startStop-1] org.apache.catalina.startup.HostConfig.deployDirectory Deploying web application directory [/Users/srikanthgirimaiahgari/Desktop/Medicalstore/apache-tomcat-8.5.65/webapps/manager]
26-May-2021 12:21:57.918 INFO [localhost-startStop-1] org.apache.catalina.startup.HostConfig.deployDirectory Deployment of web application directory [/Users/srikanthgirimaiahgari/Desktop/Medicalstore/apache-tomcat-8.5.65/webapps/manager] has finished in [38] ms
26-May-2021 12:21:57.918 INFO [localhost-startStop-1] org.apache.catalina.startup.HostConfig.deployDirectory Deploying web application directory [/Users/srikanthgirimaiahgari/Desktop/Medicalstore/apache-tomcat-8.5.65/webapps/examples]
26-May-2021 12:21:58.209 INFO [localhost-startStop-1] org.apache.catalina.startup.HostConfig.deployDirectory Deployment of web application directory [/Users/srikanthgirimaiahgari/Desktop/Medicalstore/apache-tomcat-8.5.65/webapps/examples] has finished in [291] ms
26-May-2021 12:21:58.209 INFO [localhost-startStop-1] org.apache.catalina.startup.HostConfig.deployDirectory Deploying web application directory [/Users/srikanthgirimaiahgari/Desktop/Medicalstore/apache-tomcat-8.5.65/webapps/ROOT]
26-May-2021 12:21:58.219 INFO [localhost-startStop-1] org.apache.catalina.startup.HostConfig.deployDirectory Deployment of web application directory [/Users/srikanthgirimaiahgari/Desktop/Medicalstore/apache-tomcat-8.5.65/webapps/ROOT] has finished in [10] ms
26-May-2021 12:21:58.219 INFO [localhost-startStop-1] org.apache.catalina.startup.HostConfig.deployDirectory Deploying web application directory [/Users/srikanthgirimaiahgari/Desktop/Medicalstore/apache-tomcat-8.5.65/webapps/host-manager]
26-May-2021 12:21:58.232 INFO [localhost-startStop-1] org.apache.catalina.startup.HostConfig.deployDirectory Deployment of web application directory [/Users/srikanthgirimaiahgari/Desktop/Medicalstore/apache-tomcat-8.5.65/webapps/host-manager] has finished in [13] ms
26-May-2021 12:21:58.234 INFO [main] org.apache.coyote.AbstractProtocol.start Starting ProtocolHandler ["http-nio-5050"]
26-May-2021 12:21:58.240 INFO [main] org.apache.catalina.startup.Catalina.start Server startup in 2753 ms
26-May-2021 12:22:56.962 INFO [http-nio-5050-exec-3] org.apache.catalina.startup.HostConfig.undeploy Undeploying context [/MedicalStore]
26-May-2021 12:22:57.146 INFO [http-nio-5050-exec-2] org.apache.catalina.startup.HostConfig.deployWAR Deploying web application archive [/Users/srikanthgirimaiahgari/Desktop/Medicalstore/apache-tomcat-8.5.65/webapps/MedicalStore.war]
26-May-2021 12:22:58.219 INFO [http-nio-5050-exec-2] org.apache.jasper.servlet.TldScanner.scanJars At least one JAR was scanned for TLDs yet contained no TLDs. Enable debug logging for this logger for a complete list of JARs that were scanned but no TLDs were found in them. Skipping unneeded JARs during scanning can improve startup time and JSP compilation time.
26-May-2021 12:22:58.231 INFO [http-nio-5050-exec-2] org.apache.catalina.startup.HostConfig.deployWAR Deployment of web application archive [/Users/srikanthgirimaiahgari/Desktop/Medicalstore/apache-tomcat-8.5.65/webapps/MedicalStore.war] has finished in [1,085] ms
26-May-2021 12:22:58.889 INFO [http-nio-5050-exec-8] org.apache.catalina.startup.HostConfig.undeploy Undeploying context [/MedicalStore]
26-May-2021 12:22:58.913 INFO [http-nio-5050-exec-11] org.apache.catalina.startup.HostConfig.deployWAR Deploying web application archive [/Users/srikanthgirimaiahgari/Desktop/Medicalstore/apache-tomcat-8.5.65/webapps/MedicalStore.war]
26-May-2021 12:22:59.074 INFO [http-nio-5050-exec-11] org.apache.catalina.startup.HostConfig.deployWAR Deployment of web application archive [/Users/srikanthgirimaiahgari/Desktop/Medicalstore/apache-tomcat-8.5.65/webapps/MedicalStore.war] has finished in [161] ms
26-May-2021 12:22:59.723 INFO [http-nio-5050-exec-6] org.apache.catalina.startup.HostConfig.undeploy Undeploying context [/MedicalStore]
26-May-2021 12:22:59.728 INFO [http-nio-5050-exec-9] org.apache.catalina.startup.HostConfig.deployWAR Deploying web application archive [/Users/srikanthgirimaiahgari/Desktop/Medicalstore/apache-tomcat-8.5.65/webapps/MedicalStore.war]
26-May-2021 12:22:59.759 INFO [http-nio-5050-exec-9] org.apache.catalina.startup.HostConfig.deployWAR Deployment of web application archive [/Users/srikanthgirimaiahgari/Desktop/Medicalstore/apache-tomcat-8.5.65/webapps/MedicalStore.war] has finished in [31] ms
26-May-2021 12:23:00.482 INFO [http-nio-5050-exec-5] org.apache.catalina.startup.HostConfig.undeploy Undeploying context [/MedicalStore]
26-May-2021 12:23:00.727 INFO [http-nio-5050-exec-9] org.apache.catalina.startup.HostConfig.deployWAR Deploying web application archive [/Users/srikanthgirimaiahgari/Desktop/Medicalstore/apache-tomcat-8.5.65/webapps/MedicalStore.war]
26-May-2021 12:23:02.072 INFO [http-nio-5050-exec-9] org.apache.jasper.servlet.TldScanner.scanJars At least one JAR was scanned for TLDs yet contained no TLDs. Enable debug logging for this logger for a complete list of JARs that were scanned but no TLDs were found in them. Skipping unneeded JARs during scanning can improve startup time and JSP compilation time.
26-May-2021 12:23:02.077 INFO [http-nio-5050-exec-9] org.apache.catalina.startup.HostConfig.deployWAR Deployment of web application archive [/Users/srikanthgirimaiahgari/Desktop/Medicalstore/apache-tomcat-8.5.65/webapps/MedicalStore.war] has finished in [1,350] ms
26-May-2021 12:23:02.892 INFO [http-nio-5050-exec-12] org.apache.catalina.startup.HostConfig.undeploy Undeploying context [/MedicalStore]
26-May-2021 12:23:03.018 INFO [http-nio-5050-exec-8] org.apache.catalina.startup.HostConfig.deployWAR Deploying web application archive [/Users/srikanthgirimaiahgari/Desktop/Medicalstore/apache-tomcat-8.5.65/webapps/MedicalStore.war]
26-May-2021 12:23:03.773 INFO [http-nio-5050-exec-8] org.apache.jasper.servlet.TldScanner.scanJars At least one JAR was scanned for TLDs yet contained no TLDs. Enable debug logging for this logger for a complete list of JARs that were scanned but no TLDs were found in them. Skipping unneeded JARs during scanning can improve startup time and JSP compilation time.
26-May-2021 12:23:03.783 INFO [http-nio-5050-exec-8] org.apache.catalina.startup.HostConfig.deployWAR Deployment of web application archive [/Users/srikanthgirimaiahgari/Desktop/Medicalstore/apache-tomcat-8.5.65/webapps/MedicalStore.war] has finished in [765] ms
26-May-2021 13:09:38.452 INFO [Thread-3] org.apache.coyote.AbstractProtocol.pause Pausing ProtocolHandler ["http-nio-5050"]
26-May-2021 13:09:38.464 INFO [Thread-3] org.apache.catalina.core.StandardService.stopInternal Stopping service [Catalina]
26-May-2021 13:09:38.491 INFO [Thread-3] org.apache.coyote.AbstractProtocol.stop Stopping ProtocolHandler ["http-nio-5050"]
26-May-2021 13:09:38.502 INFO [Thread-3] org.apache.coyote.AbstractProtocol.destroy Destroying ProtocolHandler ["http-nio-5050"]
