02-Jun-2021 13:20:12.546 INFO [main] org.apache.catalina.startup.VersionLoggerListener.log Server version name:   Apache Tomcat/8.5.65
02-Jun-2021 13:20:12.549 INFO [main] org.apache.catalina.startup.VersionLoggerListener.log Server built:          Mar 30 2021 12:28:40 UTC
02-Jun-2021 13:20:12.549 INFO [main] org.apache.catalina.startup.VersionLoggerListener.log Server version number: 8.5.65.0
02-Jun-2021 13:20:12.549 INFO [main] org.apache.catalina.startup.VersionLoggerListener.log OS Name:               Mac OS X
02-Jun-2021 13:20:12.549 INFO [main] org.apache.catalina.startup.VersionLoggerListener.log OS Version:            10.15.7
02-Jun-2021 13:20:12.549 INFO [main] org.apache.catalina.startup.VersionLoggerListener.log Architecture:          x86_64
02-Jun-2021 13:20:12.549 INFO [main] org.apache.catalina.startup.VersionLoggerListener.log Java Home:             /Library/Java/JavaVirtualMachines/jdk-16.jdk/Contents/Home
02-Jun-2021 13:20:12.549 INFO [main] org.apache.catalina.startup.VersionLoggerListener.log JVM Version:           16+36-2231
02-Jun-2021 13:20:12.549 INFO [main] org.apache.catalina.startup.VersionLoggerListener.log JVM Vendor:            Oracle Corporation
02-Jun-2021 13:20:12.549 INFO [main] org.apache.catalina.startup.VersionLoggerListener.log CATALINA_BASE:         /Users/srikanthgirimaiahgari/Desktop/Medicalstore/apache-tomcat-8.5.65
02-Jun-2021 13:20:12.549 INFO [main] org.apache.catalina.startup.VersionLoggerListener.log CATALINA_HOME:         /Users/srikanthgirimaiahgari/Desktop/Medicalstore/apache-tomcat-8.5.65
02-Jun-2021 13:20:12.551 INFO [main] org.apache.catalina.startup.VersionLoggerListener.log Command line argument: --add-opens=java.base/java.lang=ALL-UNNAMED
02-Jun-2021 13:20:12.551 INFO [main] org.apache.catalina.startup.VersionLoggerListener.log Command line argument: --add-opens=java.base/java.io=ALL-UNNAMED
02-Jun-2021 13:20:12.551 INFO [main] org.apache.catalina.startup.VersionLoggerListener.log Command line argument: --add-opens=java.base/java.util=ALL-UNNAMED
02-Jun-2021 13:20:12.551 INFO [main] org.apache.catalina.startup.VersionLoggerListener.log Command line argument: --add-opens=java.base/java.util.concurrent=ALL-UNNAMED
02-Jun-2021 13:20:12.551 INFO [main] org.apache.catalina.startup.VersionLoggerListener.log Command line argument: --add-opens=java.rmi/sun.rmi.transport=ALL-UNNAMED
02-Jun-2021 13:20:12.551 INFO [main] org.apache.catalina.startup.VersionLoggerListener.log Command line argument: -Djava.util.logging.config.file=/Users/srikanthgirimaiahgari/Desktop/Medicalstore/apache-tomcat-8.5.65/conf/logging.properties
02-Jun-2021 13:20:12.551 INFO [main] org.apache.catalina.startup.VersionLoggerListener.log Command line argument: -Djava.util.logging.manager=org.apache.juli.ClassLoaderLogManager
02-Jun-2021 13:20:12.552 INFO [main] org.apache.catalina.startup.VersionLoggerListener.log Command line argument: -Djdk.tls.ephemeralDHKeySize=2048
02-Jun-2021 13:20:12.552 INFO [main] org.apache.catalina.startup.VersionLoggerListener.log Command line argument: -Djava.protocol.handler.pkgs=org.apache.catalina.webresources
02-Jun-2021 13:20:12.552 INFO [main] org.apache.catalina.startup.VersionLoggerListener.log Command line argument: -Dorg.apache.catalina.security.SecurityListener.UMASK=0027
02-Jun-2021 13:20:12.552 INFO [main] org.apache.catalina.startup.VersionLoggerListener.log Command line argument: -Dignore.endorsed.dirs=
02-Jun-2021 13:20:12.552 INFO [main] org.apache.catalina.startup.VersionLoggerListener.log Command line argument: -Dcatalina.base=/Users/srikanthgirimaiahgari/Desktop/Medicalstore/apache-tomcat-8.5.65
02-Jun-2021 13:20:12.552 INFO [main] org.apache.catalina.startup.VersionLoggerListener.log Command line argument: -Dcatalina.home=/Users/srikanthgirimaiahgari/Desktop/Medicalstore/apache-tomcat-8.5.65
02-Jun-2021 13:20:12.552 INFO [main] org.apache.catalina.startup.VersionLoggerListener.log Command line argument: -Djava.io.tmpdir=/Users/srikanthgirimaiahgari/Desktop/Medicalstore/apache-tomcat-8.5.65/temp
02-Jun-2021 13:20:12.552 INFO [main] org.apache.catalina.core.AprLifecycleListener.lifecycleEvent The Apache Tomcat Native library which allows using OpenSSL was not found on the java.library.path: [/Users/srikanthgirimaiahgari/Library/Java/Extensions:/Library/Java/Extensions:/Network/Library/Java/Extensions:/System/Library/Java/Extensions:/usr/lib/java:.]
02-Jun-2021 13:20:12.591 INFO [main] org.apache.coyote.AbstractProtocol.init Initializing ProtocolHandler ["http-nio-5050"]
02-Jun-2021 13:20:12.631 INFO [main] org.apache.tomcat.util.net.NioSelectorPool.getSharedSelector Using a shared selector for servlet write/read
02-Jun-2021 13:20:12.642 INFO [main] org.apache.catalina.startup.Catalina.load Initialization processed in 466 ms
02-Jun-2021 13:20:12.703 INFO [main] org.apache.catalina.core.StandardService.startInternal Starting service [Catalina]
02-Jun-2021 13:20:12.703 INFO [main] org.apache.catalina.core.StandardEngine.startInternal Starting Servlet engine: [Apache Tomcat/8.5.65]
02-Jun-2021 13:20:12.720 INFO [localhost-startStop-1] org.apache.catalina.startup.HostConfig.deployWAR Deploying web application archive [/Users/srikanthgirimaiahgari/Desktop/Medicalstore/apache-tomcat-8.5.65/webapps/TheVaccineStore-0.0.1-20210319.075326-22.war]
02-Jun-2021 13:20:13.123 INFO [localhost-startStop-1] org.apache.catalina.startup.HostConfig.deployWAR Deployment of web application archive [/Users/srikanthgirimaiahgari/Desktop/Medicalstore/apache-tomcat-8.5.65/webapps/TheVaccineStore-0.0.1-20210319.075326-22.war] has finished in [402] ms
02-Jun-2021 13:20:13.142 INFO [localhost-startStop-1] org.apache.catalina.startup.HostConfig.deployWAR Deploying web application archive [/Users/srikanthgirimaiahgari/Desktop/Medicalstore/apache-tomcat-8.5.65/webapps/springboot.war]
02-Jun-2021 13:20:14.373 INFO [localhost-startStop-1] org.apache.jasper.servlet.TldScanner.scanJars At least one JAR was scanned for TLDs yet contained no TLDs. Enable debug logging for this logger for a complete list of JARs that were scanned but no TLDs were found in them. Skipping unneeded JARs during scanning can improve startup time and JSP compilation time.
02-Jun-2021 13:20:14.378 INFO [localhost-startStop-1] org.apache.catalina.startup.HostConfig.deployWAR Deployment of web application archive [/Users/srikanthgirimaiahgari/Desktop/Medicalstore/apache-tomcat-8.5.65/webapps/springboot.war] has finished in [1,237] ms
02-Jun-2021 13:20:14.379 INFO [localhost-startStop-1] org.apache.catalina.startup.HostConfig.deployWAR Deploying web application archive [/Users/srikanthgirimaiahgari/Desktop/Medicalstore/apache-tomcat-8.5.65/webapps/MedicalStore.war]
02-Jun-2021 13:20:15.322 INFO [localhost-startStop-1] org.apache.jasper.servlet.TldScanner.scanJars At least one JAR was scanned for TLDs yet contained no TLDs. Enable debug logging for this logger for a complete list of JARs that were scanned but no TLDs were found in them. Skipping unneeded JARs during scanning can improve startup time and JSP compilation time.
02-Jun-2021 13:20:15.331 INFO [localhost-startStop-1] org.apache.catalina.startup.HostConfig.deployWAR Deployment of web application archive [/Users/srikanthgirimaiahgari/Desktop/Medicalstore/apache-tomcat-8.5.65/webapps/MedicalStore.war] has finished in [952] ms
02-Jun-2021 13:20:15.332 INFO [localhost-startStop-1] org.apache.catalina.startup.HostConfig.deployDirectory Deploying web application directory [/Users/srikanthgirimaiahgari/Desktop/Medicalstore/apache-tomcat-8.5.65/webapps/docs]
02-Jun-2021 13:20:15.347 INFO [localhost-startStop-1] org.apache.catalina.startup.HostConfig.deployDirectory Deployment of web application directory [/Users/srikanthgirimaiahgari/Desktop/Medicalstore/apache-tomcat-8.5.65/webapps/docs] has finished in [15] ms
02-Jun-2021 13:20:15.347 INFO [localhost-startStop-1] org.apache.catalina.startup.HostConfig.deployDirectory Deploying web application directory [/Users/srikanthgirimaiahgari/Desktop/Medicalstore/apache-tomcat-8.5.65/webapps/manager]
02-Jun-2021 13:20:15.374 INFO [localhost-startStop-1] org.apache.catalina.startup.HostConfig.deployDirectory Deployment of web application directory [/Users/srikanthgirimaiahgari/Desktop/Medicalstore/apache-tomcat-8.5.65/webapps/manager] has finished in [27] ms
02-Jun-2021 13:20:15.374 INFO [localhost-startStop-1] org.apache.catalina.startup.HostConfig.deployDirectory Deploying web application directory [/Users/srikanthgirimaiahgari/Desktop/Medicalstore/apache-tomcat-8.5.65/webapps/examples]
02-Jun-2021 13:20:15.694 INFO [localhost-startStop-1] org.apache.catalina.startup.HostConfig.deployDirectory Deployment of web application directory [/Users/srikanthgirimaiahgari/Desktop/Medicalstore/apache-tomcat-8.5.65/webapps/examples] has finished in [320] ms
02-Jun-2021 13:20:15.694 INFO [localhost-startStop-1] org.apache.catalina.startup.HostConfig.deployDirectory Deploying web application directory [/Users/srikanthgirimaiahgari/Desktop/Medicalstore/apache-tomcat-8.5.65/webapps/ROOT]
02-Jun-2021 13:20:15.707 INFO [localhost-startStop-1] org.apache.catalina.startup.HostConfig.deployDirectory Deployment of web application directory [/Users/srikanthgirimaiahgari/Desktop/Medicalstore/apache-tomcat-8.5.65/webapps/ROOT] has finished in [13] ms
02-Jun-2021 13:20:15.707 INFO [localhost-startStop-1] org.apache.catalina.startup.HostConfig.deployDirectory Deploying web application directory [/Users/srikanthgirimaiahgari/Desktop/Medicalstore/apache-tomcat-8.5.65/webapps/host-manager]
02-Jun-2021 13:20:15.723 INFO [localhost-startStop-1] org.apache.catalina.startup.HostConfig.deployDirectory Deployment of web application directory [/Users/srikanthgirimaiahgari/Desktop/Medicalstore/apache-tomcat-8.5.65/webapps/host-manager] has finished in [16] ms
02-Jun-2021 13:20:15.725 INFO [main] org.apache.coyote.AbstractProtocol.start Starting ProtocolHandler ["http-nio-5050"]
02-Jun-2021 13:20:15.731 INFO [main] org.apache.catalina.startup.Catalina.start Server startup in 3088 ms
02-Jun-2021 13:20:38.542 INFO [http-nio-5050-exec-2] org.apache.catalina.startup.HostConfig.undeploy Undeploying context [/MedicalStore]
02-Jun-2021 13:20:38.693 INFO [http-nio-5050-exec-9] org.apache.catalina.startup.HostConfig.deployWAR Deploying web application archive [/Users/srikanthgirimaiahgari/Desktop/Medicalstore/apache-tomcat-8.5.65/webapps/MedicalStore.war]
02-Jun-2021 13:20:39.627 INFO [http-nio-5050-exec-9] org.apache.jasper.servlet.TldScanner.scanJars At least one JAR was scanned for TLDs yet contained no TLDs. Enable debug logging for this logger for a complete list of JARs that were scanned but no TLDs were found in them. Skipping unneeded JARs during scanning can improve startup time and JSP compilation time.
02-Jun-2021 13:20:39.640 INFO [http-nio-5050-exec-9] org.apache.catalina.startup.HostConfig.deployWAR Deployment of web application archive [/Users/srikanthgirimaiahgari/Desktop/Medicalstore/apache-tomcat-8.5.65/webapps/MedicalStore.war] has finished in [946] ms
02-Jun-2021 13:20:40.290 INFO [http-nio-5050-exec-3] org.apache.catalina.startup.HostConfig.undeploy Undeploying context [/MedicalStore]
02-Jun-2021 13:20:40.301 INFO [http-nio-5050-exec-7] org.apache.catalina.startup.HostConfig.deployWAR Deploying web application archive [/Users/srikanthgirimaiahgari/Desktop/Medicalstore/apache-tomcat-8.5.65/webapps/MedicalStore.war]
02-Jun-2021 13:20:40.442 INFO [http-nio-5050-exec-7] org.apache.catalina.startup.HostConfig.deployWAR Deployment of web application archive [/Users/srikanthgirimaiahgari/Desktop/Medicalstore/apache-tomcat-8.5.65/webapps/MedicalStore.war] has finished in [141] ms
02-Jun-2021 13:20:41.062 INFO [http-nio-5050-exec-10] org.apache.catalina.startup.HostConfig.undeploy Undeploying context [/MedicalStore]
02-Jun-2021 13:20:41.070 INFO [http-nio-5050-exec-7] org.apache.catalina.startup.HostConfig.deployWAR Deploying web application archive [/Users/srikanthgirimaiahgari/Desktop/Medicalstore/apache-tomcat-8.5.65/webapps/MedicalStore.war]
02-Jun-2021 13:20:41.118 INFO [http-nio-5050-exec-7] org.apache.catalina.startup.HostConfig.deployWAR Deployment of web application archive [/Users/srikanthgirimaiahgari/Desktop/Medicalstore/apache-tomcat-8.5.65/webapps/MedicalStore.war] has finished in [48] ms
02-Jun-2021 13:20:41.859 INFO [http-nio-5050-exec-4] org.apache.catalina.startup.HostConfig.undeploy Undeploying context [/MedicalStore]
02-Jun-2021 13:20:42.072 INFO [http-nio-5050-exec-7] org.apache.catalina.startup.HostConfig.deployWAR Deploying web application archive [/Users/srikanthgirimaiahgari/Desktop/Medicalstore/apache-tomcat-8.5.65/webapps/MedicalStore.war]
02-Jun-2021 13:20:43.461 INFO [http-nio-5050-exec-7] org.apache.jasper.servlet.TldScanner.scanJars At least one JAR was scanned for TLDs yet contained no TLDs. Enable debug logging for this logger for a complete list of JARs that were scanned but no TLDs were found in them. Skipping unneeded JARs during scanning can improve startup time and JSP compilation time.
02-Jun-2021 13:20:43.466 INFO [http-nio-5050-exec-7] org.apache.catalina.startup.HostConfig.deployWAR Deployment of web application archive [/Users/srikanthgirimaiahgari/Desktop/Medicalstore/apache-tomcat-8.5.65/webapps/MedicalStore.war] has finished in [1,394] ms
02-Jun-2021 13:20:44.218 INFO [http-nio-5050-exec-1] org.apache.catalina.startup.HostConfig.undeploy Undeploying context [/MedicalStore]
02-Jun-2021 13:20:44.326 INFO [http-nio-5050-exec-3] org.apache.catalina.startup.HostConfig.deployWAR Deploying web application archive [/Users/srikanthgirimaiahgari/Desktop/Medicalstore/apache-tomcat-8.5.65/webapps/MedicalStore.war]
02-Jun-2021 13:20:45.183 INFO [http-nio-5050-exec-3] org.apache.jasper.servlet.TldScanner.scanJars At least one JAR was scanned for TLDs yet contained no TLDs. Enable debug logging for this logger for a complete list of JARs that were scanned but no TLDs were found in them. Skipping unneeded JARs during scanning can improve startup time and JSP compilation time.
02-Jun-2021 13:20:45.198 INFO [http-nio-5050-exec-3] org.apache.catalina.startup.HostConfig.deployWAR Deployment of web application archive [/Users/srikanthgirimaiahgari/Desktop/Medicalstore/apache-tomcat-8.5.65/webapps/MedicalStore.war] has finished in [872] ms
02-Jun-2021 15:12:35.086 INFO [http-nio-5050-exec-18] org.apache.catalina.startup.HostConfig.undeploy Undeploying context [/MedicalStore]
02-Jun-2021 15:12:35.209 INFO [http-nio-5050-exec-17] org.apache.catalina.startup.HostConfig.deployWAR Deploying web application archive [/Users/srikanthgirimaiahgari/Desktop/Medicalstore/apache-tomcat-8.5.65/webapps/MedicalStore.war]
02-Jun-2021 15:12:36.153 INFO [http-nio-5050-exec-17] org.apache.jasper.servlet.TldScanner.scanJars At least one JAR was scanned for TLDs yet contained no TLDs. Enable debug logging for this logger for a complete list of JARs that were scanned but no TLDs were found in them. Skipping unneeded JARs during scanning can improve startup time and JSP compilation time.
02-Jun-2021 15:12:36.161 INFO [http-nio-5050-exec-17] org.apache.catalina.startup.HostConfig.deployWAR Deployment of web application archive [/Users/srikanthgirimaiahgari/Desktop/Medicalstore/apache-tomcat-8.5.65/webapps/MedicalStore.war] has finished in [952] ms
02-Jun-2021 15:12:36.794 INFO [http-nio-5050-exec-21] org.apache.catalina.startup.HostConfig.undeploy Undeploying context [/MedicalStore]
02-Jun-2021 15:12:36.803 INFO [http-nio-5050-exec-23] org.apache.catalina.startup.HostConfig.deployWAR Deploying web application archive [/Users/srikanthgirimaiahgari/Desktop/Medicalstore/apache-tomcat-8.5.65/webapps/MedicalStore.war]
02-Jun-2021 15:12:36.925 INFO [http-nio-5050-exec-23] org.apache.catalina.startup.HostConfig.deployWAR Deployment of web application archive [/Users/srikanthgirimaiahgari/Desktop/Medicalstore/apache-tomcat-8.5.65/webapps/MedicalStore.war] has finished in [122] ms
02-Jun-2021 15:12:37.535 INFO [http-nio-5050-exec-16] org.apache.catalina.startup.HostConfig.undeploy Undeploying context [/MedicalStore]
02-Jun-2021 15:12:37.541 INFO [http-nio-5050-exec-26] org.apache.catalina.startup.HostConfig.deployWAR Deploying web application archive [/Users/srikanthgirimaiahgari/Desktop/Medicalstore/apache-tomcat-8.5.65/webapps/MedicalStore.war]
02-Jun-2021 15:12:37.563 INFO [http-nio-5050-exec-26] org.apache.catalina.startup.HostConfig.deployWAR Deployment of web application archive [/Users/srikanthgirimaiahgari/Desktop/Medicalstore/apache-tomcat-8.5.65/webapps/MedicalStore.war] has finished in [22] ms
02-Jun-2021 15:12:38.301 INFO [http-nio-5050-exec-15] org.apache.catalina.startup.HostConfig.undeploy Undeploying context [/MedicalStore]
02-Jun-2021 15:12:38.521 INFO [http-nio-5050-exec-22] org.apache.catalina.startup.HostConfig.deployWAR Deploying web application archive [/Users/srikanthgirimaiahgari/Desktop/Medicalstore/apache-tomcat-8.5.65/webapps/MedicalStore.war]
02-Jun-2021 15:12:39.577 INFO [http-nio-5050-exec-22] org.apache.jasper.servlet.TldScanner.scanJars At least one JAR was scanned for TLDs yet contained no TLDs. Enable debug logging for this logger for a complete list of JARs that were scanned but no TLDs were found in them. Skipping unneeded JARs during scanning can improve startup time and JSP compilation time.
02-Jun-2021 15:12:39.580 INFO [http-nio-5050-exec-22] org.apache.catalina.startup.HostConfig.deployWAR Deployment of web application archive [/Users/srikanthgirimaiahgari/Desktop/Medicalstore/apache-tomcat-8.5.65/webapps/MedicalStore.war] has finished in [1,059] ms
02-Jun-2021 15:12:40.426 INFO [http-nio-5050-exec-19] org.apache.catalina.startup.HostConfig.undeploy Undeploying context [/MedicalStore]
02-Jun-2021 15:12:40.536 INFO [http-nio-5050-exec-23] org.apache.catalina.startup.HostConfig.deployWAR Deploying web application archive [/Users/srikanthgirimaiahgari/Desktop/Medicalstore/apache-tomcat-8.5.65/webapps/MedicalStore.war]
02-Jun-2021 15:12:41.336 INFO [http-nio-5050-exec-23] org.apache.jasper.servlet.TldScanner.scanJars At least one JAR was scanned for TLDs yet contained no TLDs. Enable debug logging for this logger for a complete list of JARs that were scanned but no TLDs were found in them. Skipping unneeded JARs during scanning can improve startup time and JSP compilation time.
02-Jun-2021 15:12:41.345 INFO [http-nio-5050-exec-23] org.apache.catalina.startup.HostConfig.deployWAR Deployment of web application archive [/Users/srikanthgirimaiahgari/Desktop/Medicalstore/apache-tomcat-8.5.65/webapps/MedicalStore.war] has finished in [809] ms
02-Jun-2021 19:10:08.305 INFO [Thread-3] org.apache.coyote.AbstractProtocol.pause Pausing ProtocolHandler ["http-nio-5050"]
02-Jun-2021 19:10:08.349 INFO [Thread-3] org.apache.catalina.core.StandardService.stopInternal Stopping service [Catalina]
02-Jun-2021 19:10:08.397 INFO [Thread-3] org.apache.coyote.AbstractProtocol.stop Stopping ProtocolHandler ["http-nio-5050"]
02-Jun-2021 19:10:08.412 INFO [Thread-3] org.apache.coyote.AbstractProtocol.destroy Destroying ProtocolHandler ["http-nio-5050"]
