02-Jun-2021 13:20:37.967 INFO [http-nio-5050-exec-10] org.apache.catalina.core.ApplicationContext.log Manager: init: Associated with Deployer 'Catalina:type=Deployer,host=localhost'
02-Jun-2021 13:20:37.968 INFO [http-nio-5050-exec-10] org.apache.catalina.core.ApplicationContext.log Manager: init: Global resources are available
02-Jun-2021 13:20:37.968 INFO [http-nio-5050-exec-10] org.apache.catalina.core.ApplicationContext.log Manager: list: Listing contexts for virtual host 'localhost'
02-Jun-2021 13:20:37.972 INFO [http-nio-5050-exec-1] org.apache.catalina.core.ApplicationContext.log Manager: list: Listing contexts for virtual host 'localhost'
02-Jun-2021 13:20:37.991 INFO [http-nio-5050-exec-2] org.apache.catalina.core.ApplicationContext.log Manager: undeploy: Undeploying web application at '/MedicalStore'
02-Jun-2021 13:20:38.547 INFO [http-nio-5050-exec-9] org.apache.catalina.core.ApplicationContext.log Manager: deploy: Deploying web application '/MedicalStore'
02-Jun-2021 13:20:38.547 INFO [http-nio-5050-exec-9] org.apache.catalina.core.ApplicationContext.log Manager: Uploading WAR file to /Users/srikanthgirimaiahgari/Desktop/Medicalstore/apache-tomcat-8.5.65/webapps/MedicalStore.war
02-Jun-2021 13:20:39.761 INFO [http-nio-5050-exec-4] org.apache.catalina.core.ApplicationContext.log Manager: list: Listing contexts for virtual host 'localhost'
02-Jun-2021 13:20:39.762 INFO [http-nio-5050-exec-10] org.apache.catalina.core.ApplicationContext.log Manager: list: Listing contexts for virtual host 'localhost'
02-Jun-2021 13:20:39.764 INFO [http-nio-5050-exec-3] org.apache.catalina.core.ApplicationContext.log Manager: undeploy: Undeploying web application at '/MedicalStore'
02-Jun-2021 13:20:40.293 INFO [http-nio-5050-exec-7] org.apache.catalina.core.ApplicationContext.log Manager: deploy: Deploying web application '/MedicalStore'
02-Jun-2021 13:20:40.293 INFO [http-nio-5050-exec-7] org.apache.catalina.core.ApplicationContext.log Manager: Uploading WAR file to /Users/srikanthgirimaiahgari/Desktop/Medicalstore/apache-tomcat-8.5.65/webapps/MedicalStore.war
02-Jun-2021 13:20:40.550 INFO [http-nio-5050-exec-1] org.apache.catalina.core.ApplicationContext.log Manager: list: Listing contexts for virtual host 'localhost'
02-Jun-2021 13:20:40.552 INFO [http-nio-5050-exec-6] org.apache.catalina.core.ApplicationContext.log Manager: list: Listing contexts for virtual host 'localhost'
02-Jun-2021 13:20:40.553 INFO [http-nio-5050-exec-10] org.apache.catalina.core.ApplicationContext.log Manager: undeploy: Undeploying web application at '/MedicalStore'
02-Jun-2021 13:20:41.067 INFO [http-nio-5050-exec-7] org.apache.catalina.core.ApplicationContext.log Manager: deploy: Deploying web application '/MedicalStore'
02-Jun-2021 13:20:41.067 INFO [http-nio-5050-exec-7] org.apache.catalina.core.ApplicationContext.log Manager: Uploading WAR file to /Users/srikanthgirimaiahgari/Desktop/Medicalstore/apache-tomcat-8.5.65/webapps/MedicalStore.war
02-Jun-2021 13:20:41.346 INFO [http-nio-5050-exec-3] org.apache.catalina.core.ApplicationContext.log Manager: list: Listing contexts for virtual host 'localhost'
02-Jun-2021 13:20:41.348 INFO [http-nio-5050-exec-6] org.apache.catalina.core.ApplicationContext.log Manager: list: Listing contexts for virtual host 'localhost'
02-Jun-2021 13:20:41.350 INFO [http-nio-5050-exec-4] org.apache.catalina.core.ApplicationContext.log Manager: undeploy: Undeploying web application at '/MedicalStore'
02-Jun-2021 13:20:41.861 INFO [http-nio-5050-exec-7] org.apache.catalina.core.ApplicationContext.log Manager: deploy: Deploying web application '/MedicalStore'
02-Jun-2021 13:20:41.861 INFO [http-nio-5050-exec-7] org.apache.catalina.core.ApplicationContext.log Manager: Uploading WAR file to /Users/srikanthgirimaiahgari/Desktop/Medicalstore/apache-tomcat-8.5.65/webapps/MedicalStore.war
02-Jun-2021 13:20:43.691 INFO [http-nio-5050-exec-8] org.apache.catalina.core.ApplicationContext.log Manager: list: Listing contexts for virtual host 'localhost'
02-Jun-2021 13:20:43.692 INFO [http-nio-5050-exec-5] org.apache.catalina.core.ApplicationContext.log Manager: list: Listing contexts for virtual host 'localhost'
02-Jun-2021 13:20:43.694 INFO [http-nio-5050-exec-1] org.apache.catalina.core.ApplicationContext.log Manager: undeploy: Undeploying web application at '/MedicalStore'
02-Jun-2021 13:20:44.221 INFO [http-nio-5050-exec-3] org.apache.catalina.core.ApplicationContext.log Manager: deploy: Deploying web application '/MedicalStore'
02-Jun-2021 13:20:44.221 INFO [http-nio-5050-exec-3] org.apache.catalina.core.ApplicationContext.log Manager: Uploading WAR file to /Users/srikanthgirimaiahgari/Desktop/Medicalstore/apache-tomcat-8.5.65/webapps/MedicalStore.war
02-Jun-2021 13:20:45.142 INFO [http-nio-5050-exec-5] org.apache.catalina.core.ApplicationContext.log HTMLManager: init: Associated with Deployer 'Catalina:type=Deployer,host=localhost'
02-Jun-2021 13:20:45.142 INFO [http-nio-5050-exec-5] org.apache.catalina.core.ApplicationContext.log HTMLManager: init: Global resources are available
02-Jun-2021 13:20:45.147 INFO [http-nio-5050-exec-5] org.apache.catalina.core.ApplicationContext.log HTMLManager: list: Listing contexts for virtual host 'localhost'
02-Jun-2021 15:12:34.531 INFO [http-nio-5050-exec-16] org.apache.catalina.core.ApplicationContext.log Manager: list: Listing contexts for virtual host 'localhost'
02-Jun-2021 15:12:34.534 INFO [http-nio-5050-exec-17] org.apache.catalina.core.ApplicationContext.log Manager: list: Listing contexts for virtual host 'localhost'
02-Jun-2021 15:12:34.536 INFO [http-nio-5050-exec-18] org.apache.catalina.core.ApplicationContext.log Manager: undeploy: Undeploying web application at '/MedicalStore'
02-Jun-2021 15:12:35.092 INFO [http-nio-5050-exec-17] org.apache.catalina.core.ApplicationContext.log Manager: deploy: Deploying web application '/MedicalStore'
02-Jun-2021 15:12:35.092 INFO [http-nio-5050-exec-17] org.apache.catalina.core.ApplicationContext.log Manager: Uploading WAR file to /Users/srikanthgirimaiahgari/Desktop/Medicalstore/apache-tomcat-8.5.65/webapps/MedicalStore.war
02-Jun-2021 15:12:36.271 INFO [http-nio-5050-exec-19] org.apache.catalina.core.ApplicationContext.log Manager: list: Listing contexts for virtual host 'localhost'
02-Jun-2021 15:12:36.273 INFO [http-nio-5050-exec-15] org.apache.catalina.core.ApplicationContext.log Manager: list: Listing contexts for virtual host 'localhost'
02-Jun-2021 15:12:36.274 INFO [http-nio-5050-exec-21] org.apache.catalina.core.ApplicationContext.log Manager: undeploy: Undeploying web application at '/MedicalStore'
02-Jun-2021 15:12:36.797 INFO [http-nio-5050-exec-23] org.apache.catalina.core.ApplicationContext.log Manager: deploy: Deploying web application '/MedicalStore'
02-Jun-2021 15:12:36.797 INFO [http-nio-5050-exec-23] org.apache.catalina.core.ApplicationContext.log Manager: Uploading WAR file to /Users/srikanthgirimaiahgari/Desktop/Medicalstore/apache-tomcat-8.5.65/webapps/MedicalStore.war
02-Jun-2021 15:12:37.018 INFO [http-nio-5050-exec-24] org.apache.catalina.core.ApplicationContext.log Manager: list: Listing contexts for virtual host 'localhost'
02-Jun-2021 15:12:37.019 INFO [http-nio-5050-exec-19] org.apache.catalina.core.ApplicationContext.log Manager: list: Listing contexts for virtual host 'localhost'
02-Jun-2021 15:12:37.019 INFO [http-nio-5050-exec-16] org.apache.catalina.core.ApplicationContext.log Manager: undeploy: Undeploying web application at '/MedicalStore'
02-Jun-2021 15:12:37.539 INFO [http-nio-5050-exec-26] org.apache.catalina.core.ApplicationContext.log Manager: deploy: Deploying web application '/MedicalStore'
02-Jun-2021 15:12:37.539 INFO [http-nio-5050-exec-26] org.apache.catalina.core.ApplicationContext.log Manager: Uploading WAR file to /Users/srikanthgirimaiahgari/Desktop/Medicalstore/apache-tomcat-8.5.65/webapps/MedicalStore.war
02-Jun-2021 15:12:37.787 INFO [http-nio-5050-exec-22] org.apache.catalina.core.ApplicationContext.log Manager: list: Listing contexts for virtual host 'localhost'
02-Jun-2021 15:12:37.788 INFO [http-nio-5050-exec-19] org.apache.catalina.core.ApplicationContext.log Manager: list: Listing contexts for virtual host 'localhost'
02-Jun-2021 15:12:37.790 INFO [http-nio-5050-exec-15] org.apache.catalina.core.ApplicationContext.log Manager: undeploy: Undeploying web application at '/MedicalStore'
02-Jun-2021 15:12:38.318 INFO [http-nio-5050-exec-22] org.apache.catalina.core.ApplicationContext.log Manager: deploy: Deploying web application '/MedicalStore'
02-Jun-2021 15:12:38.318 INFO [http-nio-5050-exec-22] org.apache.catalina.core.ApplicationContext.log Manager: Uploading WAR file to /Users/srikanthgirimaiahgari/Desktop/Medicalstore/apache-tomcat-8.5.65/webapps/MedicalStore.war
02-Jun-2021 15:12:39.898 INFO [http-nio-5050-exec-21] org.apache.catalina.core.ApplicationContext.log Manager: list: Listing contexts for virtual host 'localhost'
02-Jun-2021 15:12:39.899 INFO [http-nio-5050-exec-23] org.apache.catalina.core.ApplicationContext.log Manager: list: Listing contexts for virtual host 'localhost'
02-Jun-2021 15:12:39.900 INFO [http-nio-5050-exec-19] org.apache.catalina.core.ApplicationContext.log Manager: undeploy: Undeploying web application at '/MedicalStore'
02-Jun-2021 15:12:40.429 INFO [http-nio-5050-exec-23] org.apache.catalina.core.ApplicationContext.log Manager: deploy: Deploying web application '/MedicalStore'
02-Jun-2021 15:12:40.429 INFO [http-nio-5050-exec-23] org.apache.catalina.core.ApplicationContext.log Manager: Uploading WAR file to /Users/srikanthgirimaiahgari/Desktop/Medicalstore/apache-tomcat-8.5.65/webapps/MedicalStore.war
