26-May-2021 12:22:20.779 INFO [http-nio-5050-exec-1] org.apache.catalina.core.ApplicationContext.log HTMLManager: init: Associated with Deployer 'Catalina:type=Deployer,host=localhost'
26-May-2021 12:22:20.779 INFO [http-nio-5050-exec-1] org.apache.catalina.core.ApplicationContext.log HTMLManager: init: Global resources are available
26-May-2021 12:22:20.783 INFO [http-nio-5050-exec-1] org.apache.catalina.core.ApplicationContext.log HTMLManager: list: Listing contexts for virtual host 'localhost'
26-May-2021 12:22:56.368 INFO [http-nio-5050-exec-2] org.apache.catalina.core.ApplicationContext.log Manager: init: Associated with Deployer 'Catalina:type=Deployer,host=localhost'
26-May-2021 12:22:56.368 INFO [http-nio-5050-exec-2] org.apache.catalina.core.ApplicationContext.log Manager: init: Global resources are available
26-May-2021 12:22:56.368 INFO [http-nio-5050-exec-2] org.apache.catalina.core.ApplicationContext.log Manager: list: Listing contexts for virtual host 'localhost'
26-May-2021 12:22:56.379 INFO [http-nio-5050-exec-4] org.apache.catalina.core.ApplicationContext.log Manager: list: Listing contexts for virtual host 'localhost'
26-May-2021 12:22:56.383 INFO [http-nio-5050-exec-3] org.apache.catalina.core.ApplicationContext.log Manager: undeploy: Undeploying web application at '/MedicalStore'
26-May-2021 12:22:56.974 INFO [http-nio-5050-exec-2] org.apache.catalina.core.ApplicationContext.log Manager: deploy: Deploying web application '/MedicalStore'
26-May-2021 12:22:56.974 INFO [http-nio-5050-exec-2] org.apache.catalina.core.ApplicationContext.log Manager: Uploading WAR file to /Users/srikanthgirimaiahgari/Desktop/Medicalstore/apache-tomcat-8.5.65/webapps/MedicalStore.war
26-May-2021 12:22:58.358 INFO [http-nio-5050-exec-6] org.apache.catalina.core.ApplicationContext.log Manager: list: Listing contexts for virtual host 'localhost'
26-May-2021 12:22:58.359 INFO [http-nio-5050-exec-1] org.apache.catalina.core.ApplicationContext.log Manager: list: Listing contexts for virtual host 'localhost'
26-May-2021 12:22:58.362 INFO [http-nio-5050-exec-8] org.apache.catalina.core.ApplicationContext.log Manager: undeploy: Undeploying web application at '/MedicalStore'
26-May-2021 12:22:58.907 INFO [http-nio-5050-exec-11] org.apache.catalina.core.ApplicationContext.log Manager: deploy: Deploying web application '/MedicalStore'
26-May-2021 12:22:58.907 INFO [http-nio-5050-exec-11] org.apache.catalina.core.ApplicationContext.log Manager: Uploading WAR file to /Users/srikanthgirimaiahgari/Desktop/Medicalstore/apache-tomcat-8.5.65/webapps/MedicalStore.war
26-May-2021 12:22:59.206 INFO [http-nio-5050-exec-5] org.apache.catalina.core.ApplicationContext.log Manager: list: Listing contexts for virtual host 'localhost'
26-May-2021 12:22:59.208 INFO [http-nio-5050-exec-12] org.apache.catalina.core.ApplicationContext.log Manager: list: Listing contexts for virtual host 'localhost'
26-May-2021 12:22:59.210 INFO [http-nio-5050-exec-6] org.apache.catalina.core.ApplicationContext.log Manager: undeploy: Undeploying web application at '/MedicalStore'
26-May-2021 12:22:59.727 INFO [http-nio-5050-exec-9] org.apache.catalina.core.ApplicationContext.log Manager: deploy: Deploying web application '/MedicalStore'
26-May-2021 12:22:59.727 INFO [http-nio-5050-exec-9] org.apache.catalina.core.ApplicationContext.log Manager: Uploading WAR file to /Users/srikanthgirimaiahgari/Desktop/Medicalstore/apache-tomcat-8.5.65/webapps/MedicalStore.war
26-May-2021 12:22:59.972 INFO [http-nio-5050-exec-11] org.apache.catalina.core.ApplicationContext.log Manager: list: Listing contexts for virtual host 'localhost'
26-May-2021 12:22:59.974 INFO [http-nio-5050-exec-12] org.apache.catalina.core.ApplicationContext.log Manager: list: Listing contexts for virtual host 'localhost'
26-May-2021 12:22:59.975 INFO [http-nio-5050-exec-5] org.apache.catalina.core.ApplicationContext.log Manager: undeploy: Undeploying web application at '/MedicalStore'
26-May-2021 12:23:00.485 INFO [http-nio-5050-exec-9] org.apache.catalina.core.ApplicationContext.log Manager: deploy: Deploying web application '/MedicalStore'
26-May-2021 12:23:00.485 INFO [http-nio-5050-exec-9] org.apache.catalina.core.ApplicationContext.log Manager: Uploading WAR file to /Users/srikanthgirimaiahgari/Desktop/Medicalstore/apache-tomcat-8.5.65/webapps/MedicalStore.war
26-May-2021 12:23:02.363 INFO [http-nio-5050-exec-8] org.apache.catalina.core.ApplicationContext.log Manager: list: Listing contexts for virtual host 'localhost'
26-May-2021 12:23:02.365 INFO [http-nio-5050-exec-11] org.apache.catalina.core.ApplicationContext.log Manager: list: Listing contexts for virtual host 'localhost'
26-May-2021 12:23:02.366 INFO [http-nio-5050-exec-12] org.apache.catalina.core.ApplicationContext.log Manager: undeploy: Undeploying web application at '/MedicalStore'
26-May-2021 12:23:02.908 INFO [http-nio-5050-exec-8] org.apache.catalina.core.ApplicationContext.log Manager: deploy: Deploying web application '/MedicalStore'
26-May-2021 12:23:02.908 INFO [http-nio-5050-exec-8] org.apache.catalina.core.ApplicationContext.log Manager: Uploading WAR file to /Users/srikanthgirimaiahgari/Desktop/Medicalstore/apache-tomcat-8.5.65/webapps/MedicalStore.war
