25-May-2021 12:27:23.361 INFO [http-nio-5050-exec-4] org.apache.catalina.core.ApplicationContext.log HTMLManager: init: Associated with Deployer 'Catalina:type=Deployer,host=localhost'
25-May-2021 12:27:23.361 INFO [http-nio-5050-exec-4] org.apache.catalina.core.ApplicationContext.log HTMLManager: init: Global resources are available
25-May-2021 12:27:23.367 INFO [http-nio-5050-exec-4] org.apache.catalina.core.ApplicationContext.log HTMLManager: list: Listing contexts for virtual host 'localhost'
25-May-2021 12:28:31.628 INFO [http-nio-5050-exec-9] org.apache.catalina.core.ApplicationContext.log HTMLManager: undeploy: Undeploying web application at '/MedicalStore'
25-May-2021 12:28:32.336 INFO [http-nio-5050-exec-9] org.apache.catalina.core.ApplicationContext.log HTMLManager: list: Listing contexts for virtual host 'localhost'
25-May-2021 12:29:06.805 INFO [http-nio-5050-exec-3] org.apache.catalina.core.ApplicationContext.log HTMLManager: list: Listing contexts for virtual host 'localhost'
25-May-2021 12:33:44.559 INFO [http-nio-5050-exec-11] org.apache.catalina.core.ApplicationContext.log Manager: init: Associated with Deployer 'Catalina:type=Deployer,host=localhost'
25-May-2021 12:33:44.559 INFO [http-nio-5050-exec-11] org.apache.catalina.core.ApplicationContext.log Manager: init: Global resources are available
25-May-2021 12:33:44.561 INFO [http-nio-5050-exec-11] org.apache.catalina.core.ApplicationContext.log Manager: list: Listing contexts for virtual host 'localhost'
25-May-2021 12:33:44.577 INFO [http-nio-5050-exec-12] org.apache.catalina.core.ApplicationContext.log Manager: deploy: Deploying web application '/MedicalStore'
25-May-2021 12:33:44.577 INFO [http-nio-5050-exec-12] org.apache.catalina.core.ApplicationContext.log Manager: Uploading WAR file to /Users/srikanthgirimaiahgari/Desktop/Medicalstore/apache-tomcat-8.5.65/webapps/MedicalStore.war
25-May-2021 12:33:44.969 INFO [http-nio-5050-exec-13] org.apache.catalina.core.ApplicationContext.log Manager: list: Listing contexts for virtual host 'localhost'
25-May-2021 12:33:44.971 INFO [http-nio-5050-exec-14] org.apache.catalina.core.ApplicationContext.log Manager: list: Listing contexts for virtual host 'localhost'
25-May-2021 12:33:44.973 INFO [http-nio-5050-exec-15] org.apache.catalina.core.ApplicationContext.log Manager: undeploy: Undeploying web application at '/MedicalStore'
25-May-2021 12:33:45.498 INFO [http-nio-5050-exec-14] org.apache.catalina.core.ApplicationContext.log Manager: deploy: Deploying web application '/MedicalStore'
25-May-2021 12:33:45.498 INFO [http-nio-5050-exec-14] org.apache.catalina.core.ApplicationContext.log Manager: Uploading WAR file to /Users/srikanthgirimaiahgari/Desktop/Medicalstore/apache-tomcat-8.5.65/webapps/MedicalStore.war
25-May-2021 12:33:45.831 INFO [http-nio-5050-exec-20] org.apache.catalina.core.ApplicationContext.log Manager: list: Listing contexts for virtual host 'localhost'
25-May-2021 12:33:45.833 INFO [http-nio-5050-exec-13] org.apache.catalina.core.ApplicationContext.log Manager: list: Listing contexts for virtual host 'localhost'
25-May-2021 12:33:45.835 INFO [http-nio-5050-exec-16] org.apache.catalina.core.ApplicationContext.log Manager: undeploy: Undeploying web application at '/MedicalStore'
25-May-2021 12:33:46.350 INFO [http-nio-5050-exec-17] org.apache.catalina.core.ApplicationContext.log Manager: deploy: Deploying web application '/MedicalStore'
25-May-2021 12:33:46.350 INFO [http-nio-5050-exec-17] org.apache.catalina.core.ApplicationContext.log Manager: Uploading WAR file to /Users/srikanthgirimaiahgari/Desktop/Medicalstore/apache-tomcat-8.5.65/webapps/MedicalStore.war
25-May-2021 12:33:46.658 INFO [http-nio-5050-exec-18] org.apache.catalina.core.ApplicationContext.log Manager: list: Listing contexts for virtual host 'localhost'
25-May-2021 12:33:46.659 INFO [http-nio-5050-exec-12] org.apache.catalina.core.ApplicationContext.log Manager: list: Listing contexts for virtual host 'localhost'
25-May-2021 12:33:46.661 INFO [http-nio-5050-exec-11] org.apache.catalina.core.ApplicationContext.log Manager: undeploy: Undeploying web application at '/MedicalStore'
25-May-2021 12:33:47.173 INFO [http-nio-5050-exec-20] org.apache.catalina.core.ApplicationContext.log Manager: deploy: Deploying web application '/MedicalStore'
25-May-2021 12:33:47.173 INFO [http-nio-5050-exec-20] org.apache.catalina.core.ApplicationContext.log Manager: Uploading WAR file to /Users/srikanthgirimaiahgari/Desktop/Medicalstore/apache-tomcat-8.5.65/webapps/MedicalStore.war
25-May-2021 12:33:49.598 INFO [http-nio-5050-exec-16] org.apache.catalina.core.ApplicationContext.log Manager: list: Listing contexts for virtual host 'localhost'
25-May-2021 12:33:49.599 INFO [http-nio-5050-exec-12] org.apache.catalina.core.ApplicationContext.log Manager: list: Listing contexts for virtual host 'localhost'
25-May-2021 12:33:49.600 INFO [http-nio-5050-exec-19] org.apache.catalina.core.ApplicationContext.log Manager: undeploy: Undeploying web application at '/MedicalStore'
25-May-2021 12:33:50.133 INFO [http-nio-5050-exec-14] org.apache.catalina.core.ApplicationContext.log Manager: deploy: Deploying web application '/MedicalStore'
25-May-2021 12:33:50.133 INFO [http-nio-5050-exec-14] org.apache.catalina.core.ApplicationContext.log Manager: Uploading WAR file to /Users/srikanthgirimaiahgari/Desktop/Medicalstore/apache-tomcat-8.5.65/webapps/MedicalStore.war
25-May-2021 12:33:51.622 INFO [http-nio-5050-exec-16] org.apache.catalina.core.ApplicationContext.log Manager: list: Listing contexts for virtual host 'localhost'
25-May-2021 12:33:51.624 INFO [http-nio-5050-exec-17] org.apache.catalina.core.ApplicationContext.log Manager: list: Listing contexts for virtual host 'localhost'
25-May-2021 12:33:51.625 INFO [http-nio-5050-exec-11] org.apache.catalina.core.ApplicationContext.log Manager: undeploy: Undeploying web application at '/MedicalStore'
25-May-2021 12:33:52.201 INFO [http-nio-5050-exec-13] org.apache.catalina.core.ApplicationContext.log Manager: deploy: Deploying web application '/MedicalStore'
25-May-2021 12:33:52.201 INFO [http-nio-5050-exec-13] org.apache.catalina.core.ApplicationContext.log Manager: Uploading WAR file to /Users/srikanthgirimaiahgari/Desktop/Medicalstore/apache-tomcat-8.5.65/webapps/MedicalStore.war
25-May-2021 12:34:41.156 INFO [http-nio-5050-exec-16] org.apache.catalina.core.ApplicationContext.log HTMLManager: list: Listing contexts for virtual host 'localhost'
